{"/home/travis/build/npmtest/node-npmtest-seamless-immutable/test.js":{"path":"/home/travis/build/npmtest/node-npmtest-seamless-immutable/test.js","s":{"1":2,"2":2,"3":2,"4":2,"5":2,"6":2,"7":2,"8":1,"9":2,"10":2,"11":1,"12":1,"13":1,"14":1,"15":2,"16":2,"17":2,"18":2,"19":1,"20":1,"21":2,"22":2,"23":2,"24":1,"25":1,"26":1,"27":1,"28":1,"29":1,"30":1,"31":1,"32":1,"33":1,"34":1,"35":1,"36":1,"37":1,"38":1,"39":2,"40":2,"41":1,"42":2,"43":2,"44":1,"45":2,"46":2,"47":1,"48":2,"49":2,"50":1,"51":1,"52":1,"53":1,"54":1},"b":{"1":[2,1,1,1],"2":[1,1,1,1],"3":[1,1],"4":[1,1],"5":[1,1],"6":[1,1],"7":[1,1],"8":[1,1],"9":[1,1],"10":[1,1,1],"11":[1,1],"12":[1,1],"13":[1,1],"14":[1,1],"15":[1,1],"16":[1,1],"17":[1,1]},"f":{"1":2,"2":2,"3":2,"4":2,"5":2,"6":1,"7":1,"8":1,"9":2,"10":2,"11":2,"12":2,"13":1},"fnMap":{"1":{"name":"(anonymous_1)","line":12,"loc":{"start":{"line":12,"column":1},"end":{"line":12,"column":13}}},"2":{"name":"(anonymous_2)","line":19,"loc":{"start":{"line":19,"column":5},"end":{"line":19,"column":17}}},"3":{"name":"(anonymous_3)","line":23,"loc":{"start":{"line":23,"column":24},"end":{"line":23,"column":36}}},"4":{"name":"(anonymous_4)","line":61,"loc":{"start":{"line":61,"column":5},"end":{"line":61,"column":17}}},"5":{"name":"(anonymous_5)","line":82,"loc":{"start":{"line":82,"column":5},"end":{"line":82,"column":17}}},"6":{"name":"(anonymous_6)","line":91,"loc":{"start":{"line":91,"column":77},"end":{"line":94,"column":10}}},"7":{"name":"(anonymous_7)","line":112,"loc":{"start":{"line":112,"column":83},"end":{"line":115,"column":10}},"skip":true},"8":{"name":"(anonymous_8)","line":123,"loc":{"start":{"line":123,"column":77},"end":{"line":126,"column":10}},"skip":true},"9":{"name":"(anonymous_9)","line":139,"loc":{"start":{"line":139,"column":12},"end":{"line":139,"column":40}},"skip":true},"10":{"name":"(anonymous_10)","line":147,"loc":{"start":{"line":147,"column":77},"end":{"line":150,"column":10}},"skip":true},"11":{"name":"(anonymous_11)","line":158,"loc":{"start":{"line":158,"column":83},"end":{"line":161,"column":10}},"skip":true},"12":{"name":"(anonymous_12)","line":169,"loc":{"start":{"line":169,"column":79},"end":{"line":172,"column":10}},"skip":true},"13":{"name":"(anonymous_13)","line":180,"loc":{"start":{"line":180,"column":75},"end":{"line":183,"column":10}},"skip":true}},"statementMap":{"1":{"start":{"line":12,"column":0},"end":{"line":195,"column":5}},"2":{"start":{"line":14,"column":4},"end":{"line":14,"column":14}},"3":{"start":{"line":19,"column":4},"end":{"line":56,"column":9}},"4":{"start":{"line":21,"column":8},"end":{"line":21,"column":19}},"5":{"start":{"line":23,"column":8},"end":{"line":35,"column":13}},"6":{"start":{"line":24,"column":12},"end":{"line":34,"column":13}},"7":{"start":{"line":25,"column":16},"end":{"line":28,"column":30}},"8":{"start":{"line":30,"column":16},"end":{"line":33,"column":27}},"9":{"start":{"line":37,"column":8},"end":{"line":39,"column":21}},"10":{"start":{"line":40,"column":8},"end":{"line":53,"column":9}},"11":{"start":{"line":43,"column":12},"end":{"line":46,"column":14}},"12":{"start":{"line":47,"column":12},"end":{"line":47,"column":18}},"13":{"start":{"line":50,"column":12},"end":{"line":51,"column":46}},"14":{"start":{"line":52,"column":12},"end":{"line":52,"column":18}},"15":{"start":{"line":55,"column":8},"end":{"line":55,"column":35}},"16":{"start":{"line":61,"column":4},"end":{"line":63,"column":9}},"17":{"start":{"line":62,"column":8},"end":{"line":62,"column":15}},"18":{"start":{"line":64,"column":4},"end":{"line":77,"column":5}},"19":{"start":{"line":70,"column":8},"end":{"line":70,"column":14}},"20":{"start":{"line":76,"column":8},"end":{"line":76,"column":14}},"21":{"start":{"line":82,"column":4},"end":{"line":84,"column":9}},"22":{"start":{"line":83,"column":8},"end":{"line":83,"column":15}},"23":{"start":{"line":85,"column":4},"end":{"line":194,"column":5}},"24":{"start":{"line":91,"column":8},"end":{"line":99,"column":10}},"25":{"start":{"line":98,"column":12},"end":{"line":98,"column":35}},"26":{"start":{"line":102,"column":8},"end":{"line":104,"column":63}},"27":{"start":{"line":105,"column":8},"end":{"line":105,"column":14}},"28":{"start":{"line":112,"column":8},"end":{"line":121,"column":10},"skip":true},"29":{"start":{"line":119,"column":12},"end":{"line":119,"column":55},"skip":true},"30":{"start":{"line":120,"column":12},"end":{"line":120,"column":48},"skip":true},"31":{"start":{"line":123,"column":8},"end":{"line":136,"column":10},"skip":true},"32":{"start":{"line":130,"column":12},"end":{"line":130,"column":76},"skip":true},"33":{"start":{"line":131,"column":12},"end":{"line":131,"column":73},"skip":true},"34":{"start":{"line":132,"column":12},"end":{"line":132,"column":74},"skip":true},"35":{"start":{"line":133,"column":12},"end":{"line":133,"column":79},"skip":true},"36":{"start":{"line":134,"column":12},"end":{"line":134,"column":25},"skip":true},"37":{"start":{"line":135,"column":12},"end":{"line":135,"column":45},"skip":true},"38":{"start":{"line":138,"column":8},"end":{"line":145,"column":14},"skip":true},"39":{"start":{"line":143,"column":16},"end":{"line":143,"column":29},"skip":true},"40":{"start":{"line":144,"column":16},"end":{"line":144,"column":55},"skip":true},"41":{"start":{"line":147,"column":8},"end":{"line":156,"column":10},"skip":true},"42":{"start":{"line":154,"column":12},"end":{"line":154,"column":25},"skip":true},"43":{"start":{"line":155,"column":12},"end":{"line":155,"column":45},"skip":true},"44":{"start":{"line":158,"column":8},"end":{"line":167,"column":10},"skip":true},"45":{"start":{"line":165,"column":12},"end":{"line":165,"column":25},"skip":true},"46":{"start":{"line":166,"column":12},"end":{"line":166,"column":48},"skip":true},"47":{"start":{"line":169,"column":8},"end":{"line":178,"column":10},"skip":true},"48":{"start":{"line":176,"column":12},"end":{"line":176,"column":25},"skip":true},"49":{"start":{"line":177,"column":12},"end":{"line":177,"column":46},"skip":true},"50":{"start":{"line":180,"column":8},"end":{"line":189,"column":10},"skip":true},"51":{"start":{"line":187,"column":12},"end":{"line":187,"column":94},"skip":true},"52":{"start":{"line":188,"column":12},"end":{"line":188,"column":48},"skip":true},"53":{"start":{"line":192,"column":8},"end":{"line":192,"column":35},"skip":true},"54":{"start":{"line":193,"column":8},"end":{"line":193,"column":14},"skip":true}},"branchMap":{"1":{"line":25,"type":"binary-expr","locations":[{"start":{"line":25,"column":23},"end":{"line":25,"column":62}},{"start":{"line":26,"column":20},"end":{"line":26,"column":70}},{"start":{"line":27,"column":20},"end":{"line":27,"column":71}},{"start":{"line":28,"column":20},"end":{"line":28,"column":29}}]},"2":{"line":30,"type":"binary-expr","locations":[{"start":{"line":30,"column":23},"end":{"line":30,"column":37}},{"start":{"line":31,"column":20},"end":{"line":31,"column":61}},{"start":{"line":32,"column":20},"end":{"line":32,"column":70}},{"start":{"line":33,"column":20},"end":{"line":33,"column":26}}]},"3":{"line":37,"type":"cond-expr","locations":[{"start":{"line":38,"column":14},"end":{"line":38,"column":20}},{"start":{"line":39,"column":14},"end":{"line":39,"column":20}}]},"4":{"line":40,"type":"switch","locations":[{"start":{"line":42,"column":8},"end":{"line":47,"column":18}},{"start":{"line":49,"column":8},"end":{"line":52,"column":18}}]},"5":{"line":44,"type":"binary-expr","locations":[{"start":{"line":44,"column":16},"end":{"line":44,"column":44}},{"start":{"line":44,"column":48},"end":{"line":44,"column":66}}]},"6":{"line":50,"type":"binary-expr","locations":[{"start":{"line":50,"column":21},"end":{"line":50,"column":49}},{"start":{"line":50,"column":53},"end":{"line":50,"column":72}}]},"7":{"line":64,"type":"switch","locations":[{"start":{"line":69,"column":4},"end":{"line":70,"column":14}},{"start":{"line":75,"column":4},"end":{"line":76,"column":14}}]},"8":{"line":85,"type":"switch","locations":[{"start":{"line":90,"column":4},"end":{"line":105,"column":14}},{"start":{"line":111,"column":4},"end":{"line":193,"column":14},"skip":true}]},"9":{"line":91,"type":"binary-expr","locations":[{"start":{"line":91,"column":42},"end":{"line":91,"column":73}},{"start":{"line":91,"column":77},"end":{"line":99,"column":9}}]},"10":{"line":102,"type":"binary-expr","locations":[{"start":{"line":102,"column":18},"end":{"line":102,"column":32}},{"start":{"line":103,"column":12},"end":{"line":103,"column":53}},{"start":{"line":104,"column":12},"end":{"line":104,"column":61}}]},"11":{"line":112,"type":"binary-expr","locations":[{"start":{"line":112,"column":45},"end":{"line":112,"column":79},"skip":true},{"start":{"line":112,"column":83},"end":{"line":121,"column":9},"skip":true}]},"12":{"line":123,"type":"binary-expr","locations":[{"start":{"line":123,"column":42},"end":{"line":123,"column":73},"skip":true},{"start":{"line":123,"column":77},"end":{"line":136,"column":9},"skip":true}]},"13":{"line":138,"type":"binary-expr","locations":[{"start":{"line":138,"column":48},"end":{"line":138,"column":85},"skip":true},{"start":{"line":139,"column":12},"end":{"line":145,"column":13},"skip":true}]},"14":{"line":147,"type":"binary-expr","locations":[{"start":{"line":147,"column":42},"end":{"line":147,"column":73},"skip":true},{"start":{"line":147,"column":77},"end":{"line":156,"column":9},"skip":true}]},"15":{"line":158,"type":"binary-expr","locations":[{"start":{"line":158,"column":45},"end":{"line":158,"column":79},"skip":true},{"start":{"line":158,"column":83},"end":{"line":167,"column":9},"skip":true}]},"16":{"line":169,"type":"binary-expr","locations":[{"start":{"line":169,"column":43},"end":{"line":169,"column":75},"skip":true},{"start":{"line":169,"column":79},"end":{"line":178,"column":9},"skip":true}]},"17":{"line":180,"type":"binary-expr","locations":[{"start":{"line":180,"column":41},"end":{"line":180,"column":71},"skip":true},{"start":{"line":180,"column":75},"end":{"line":189,"column":9},"skip":true}]}},"code":["/* istanbul instrument in package npmtest_seamless_immutable */","/*jslint","    bitwise: true,","    browser: true,","    maxerr: 8,","    maxlen: 96,","    node: true,","    nomen: true,","    regexp: true,","    stupid: true","*/","(function () {","    'use strict';","    var local;","","","","    // run shared js-env code - pre-init","    (function () {","        // init local","        local = {};","        // init modeJs","        local.modeJs = (function () {","            try {","                return typeof navigator.userAgent === 'string' &&","                    typeof document.querySelector('body') === 'object' &&","                    typeof XMLHttpRequest.prototype.open === 'function' &&","                    'browser';","            } catch (errorCaughtBrowser) {","                return module.exports &&","                    typeof process.versions.node === 'string' &&","                    typeof require('http').createServer === 'function' &&","                    'node';","            }","        }());","        // init global","        local.global = local.modeJs === 'browser'","            ? window","            : global;","        switch (local.modeJs) {","        // re-init local from window.local","        case 'browser':","            local = local.global.utility2.objectSetDefault(","                local.global.utility2_rollup || local.global.local,","                local.global.utility2","            );","            break;","        // re-init local from example.js","        case 'node':","            local = (local.global.utility2_rollup || require('utility2'))","                .requireExampleJsFromReadme();","            break;","        }","        // export local","        local.global.local = local;","    }());","","","","    // run shared js-env code - function","    (function () {","        return;","    }());","    switch (local.modeJs) {","","","","    // run browser js-env code - function","    case 'browser':","        break;","","","","    // run node js-env code - function","    case 'node':","        break;","    }","","","","    // run shared js-env code - post-init","    (function () {","        return;","    }());","    switch (local.modeJs) {","","","","    // run browser js-env code - post-init","    case 'browser':","        local.testCase_browser_nullCase = local.testCase_browser_nullCase || function (","            options,","            onError","        ) {","        /*","         * this function will test browsers's null-case handling-behavior-behavior","         */","            onError(null, options);","        };","","        // run tests","        local.nop(local.modeTest &&","            document.querySelector('#testRunButton1') &&","            document.querySelector('#testRunButton1').click());","        break;","","","","    // run node js-env code - post-init","    /* istanbul ignore next */","    case 'node':","        local.testCase_buildApidoc_default = local.testCase_buildApidoc_default || function (","            options,","            onError","        ) {","        /*","         * this function will test buildApidoc's default handling-behavior-behavior","         */","            options = { modulePathList: module.paths };","            local.buildApidoc(options, onError);","        };","","        local.testCase_buildApp_default = local.testCase_buildApp_default || function (","            options,","            onError","        ) {","        /*","         * this function will test buildApp's default handling-behavior-behavior","         */","            local.testCase_buildReadme_default(options, local.onErrorThrow);","            local.testCase_buildLib_default(options, local.onErrorThrow);","            local.testCase_buildTest_default(options, local.onErrorThrow);","            local.testCase_buildCustomOrg_default(options, local.onErrorThrow);","            options = [];","            local.buildApp(options, onError);","        };","","        local.testCase_buildCustomOrg_default = local.testCase_buildCustomOrg_default ||","            function (options, onError) {","            /*","             * this function will test buildCustomOrg's default handling-behavior","             */","                options = {};","                local.buildCustomOrg(options, onError);","            };","","        local.testCase_buildLib_default = local.testCase_buildLib_default || function (","            options,","            onError","        ) {","        /*","         * this function will test buildLib's default handling-behavior","         */","            options = {};","            local.buildLib(options, onError);","        };","","        local.testCase_buildReadme_default = local.testCase_buildReadme_default || function (","            options,","            onError","        ) {","        /*","         * this function will test buildReadme's default handling-behavior-behavior","         */","            options = {};","            local.buildReadme(options, onError);","        };","","        local.testCase_buildTest_default = local.testCase_buildTest_default || function (","            options,","            onError","        ) {","        /*","         * this function will test buildTest's default handling-behavior","         */","            options = {};","            local.buildTest(options, onError);","        };","","        local.testCase_webpage_default = local.testCase_webpage_default || function (","            options,","            onError","        ) {","        /*","         * this function will test webpage's default handling-behavior","         */","            options = { modeCoverageMerge: true, url: local.serverLocalHost + '?modeTest=1' };","            local.browserTest(options, onError);","        };","","        // run test-server","        local.testRunServer(local);","        break;","    }","}());",""],"l":{"12":2,"14":2,"19":2,"21":2,"23":2,"24":2,"25":2,"30":1,"37":2,"40":2,"43":1,"47":1,"50":1,"52":1,"55":2,"61":2,"62":2,"64":2,"70":1,"76":1,"82":2,"83":2,"85":2,"91":1,"98":1,"102":1,"105":1,"112":1,"119":1,"120":1,"123":1,"130":1,"131":1,"132":1,"133":1,"134":1,"135":1,"138":1,"143":2,"144":2,"147":1,"154":2,"155":2,"158":1,"165":2,"166":2,"169":1,"176":2,"177":2,"180":1,"187":1,"188":1,"192":1,"193":1}},"/home/travis/build/npmtest/node-npmtest-seamless-immutable/lib.npmtest_seamless_immutable.js":{"path":"/home/travis/build/npmtest/node-npmtest-seamless-immutable/lib.npmtest_seamless_immutable.js","s":{"1":2,"2":2,"3":2,"4":2,"5":2,"6":2,"7":2,"8":1,"9":2,"10":2,"11":2,"12":2,"13":1,"14":1,"15":1,"16":1},"b":{"1":[2,1,1,1],"2":[1,1,1,1],"3":[1,1],"4":[2,2],"5":[1,1]},"f":{"1":2,"2":2,"3":2},"fnMap":{"1":{"name":"(anonymous_1)","line":12,"loc":{"start":{"line":12,"column":1},"end":{"line":12,"column":13}}},"2":{"name":"(anonymous_2)","line":19,"loc":{"start":{"line":19,"column":5},"end":{"line":19,"column":17}}},"3":{"name":"(anonymous_3)","line":23,"loc":{"start":{"line":23,"column":24},"end":{"line":23,"column":36}}}},"statementMap":{"1":{"start":{"line":12,"column":0},"end":{"line":53,"column":5}},"2":{"start":{"line":14,"column":4},"end":{"line":14,"column":14}},"3":{"start":{"line":19,"column":4},"end":{"line":52,"column":9}},"4":{"start":{"line":21,"column":8},"end":{"line":21,"column":19}},"5":{"start":{"line":23,"column":8},"end":{"line":35,"column":13}},"6":{"start":{"line":24,"column":12},"end":{"line":34,"column":13}},"7":{"start":{"line":25,"column":16},"end":{"line":28,"column":30}},"8":{"start":{"line":30,"column":16},"end":{"line":33,"column":27}},"9":{"start":{"line":37,"column":8},"end":{"line":39,"column":21}},"10":{"start":{"line":41,"column":8},"end":{"line":41,"column":54}},"11":{"start":{"line":43,"column":8},"end":{"line":43,"column":63}},"12":{"start":{"line":45,"column":8},"end":{"line":51,"column":9}},"13":{"start":{"line":46,"column":12},"end":{"line":46,"column":69}},"14":{"start":{"line":48,"column":12},"end":{"line":48,"column":35}},"15":{"start":{"line":49,"column":12},"end":{"line":49,"column":49}},"16":{"start":{"line":50,"column":12},"end":{"line":50,"column":43}}},"branchMap":{"1":{"line":25,"type":"binary-expr","locations":[{"start":{"line":25,"column":23},"end":{"line":25,"column":62}},{"start":{"line":26,"column":20},"end":{"line":26,"column":70}},{"start":{"line":27,"column":20},"end":{"line":27,"column":71}},{"start":{"line":28,"column":20},"end":{"line":28,"column":29}}]},"2":{"line":30,"type":"binary-expr","locations":[{"start":{"line":30,"column":23},"end":{"line":30,"column":37}},{"start":{"line":31,"column":20},"end":{"line":31,"column":61}},{"start":{"line":32,"column":20},"end":{"line":32,"column":70}},{"start":{"line":33,"column":20},"end":{"line":33,"column":26}}]},"3":{"line":37,"type":"cond-expr","locations":[{"start":{"line":38,"column":14},"end":{"line":38,"column":20}},{"start":{"line":39,"column":14},"end":{"line":39,"column":20}}]},"4":{"line":41,"type":"binary-expr","locations":[{"start":{"line":41,"column":16},"end":{"line":41,"column":44}},{"start":{"line":41,"column":48},"end":{"line":41,"column":53}}]},"5":{"line":45,"type":"if","locations":[{"start":{"line":45,"column":8},"end":{"line":45,"column":8}},{"start":{"line":45,"column":8},"end":{"line":45,"column":8}}]}},"code":["/* istanbul instrument in package npmtest_seamless_immutable */","/*jslint","    bitwise: true,","    browser: true,","    maxerr: 8,","    maxlen: 96,","    node: true,","    nomen: true,","    regexp: true,","    stupid: true","*/","(function () {","    'use strict';","    var local;","","","","    // run shared js-env code - pre-init","    (function () {","        // init local","        local = {};","        // init modeJs","        local.modeJs = (function () {","            try {","                return typeof navigator.userAgent === 'string' &&","                    typeof document.querySelector('body') === 'object' &&","                    typeof XMLHttpRequest.prototype.open === 'function' &&","                    'browser';","            } catch (errorCaughtBrowser) {","                return module.exports &&","                    typeof process.versions.node === 'string' &&","                    typeof require('http').createServer === 'function' &&","                    'node';","            }","        }());","        // init global","        local.global = local.modeJs === 'browser'","            ? window","            : global;","        // init utility2_rollup","        local = local.global.utility2_rollup || local;","        // init lib","        local.local = local.npmtest_seamless_immutable = local;","        // init exports","        if (local.modeJs === 'browser') {","            local.global.utility2_npmtest_seamless_immutable = local;","        } else {","            module.exports = local;","            module.exports.__dirname = __dirname;","            module.exports.module = module;","        }","    }());","}());",""],"l":{"12":2,"14":2,"19":2,"21":2,"23":2,"24":2,"25":2,"30":1,"37":2,"41":2,"43":2,"45":2,"46":1,"48":1,"49":1,"50":1}},"/home/travis/build/npmtest/node-npmtest-seamless-immutable/example.js":{"path":"/home/travis/build/npmtest/node-npmtest-seamless-immutable/example.js","s":{"1":2,"2":2,"3":2,"4":2,"5":2,"6":2,"7":2,"8":1,"9":2,"10":2,"11":2,"12":2,"13":1,"14":2,"15":2,"16":2,"17":2,"18":2,"19":0,"20":2,"21":1,"22":1,"23":1,"24":1,"25":1,"26":0,"27":0,"28":1,"29":1,"30":2,"31":0,"32":0,"33":0,"34":1,"35":2,"36":2,"37":3,"38":3,"39":3,"40":3,"41":0,"42":3,"43":3,"44":3,"45":1,"46":3,"47":1,"48":1,"49":1,"50":1,"51":1,"52":1,"53":1,"54":1,"55":1,"56":1,"57":0,"58":1,"59":6,"60":6,"61":1,"62":2,"63":0,"64":2,"65":1,"66":1,"67":0,"68":0,"69":0,"70":0,"71":0,"72":0,"73":0,"74":0,"75":0,"76":0,"77":0,"78":0,"79":0,"80":0,"81":0,"82":0,"83":0},"b":{"1":[2,1,1,1],"2":[1,1,1,1],"3":[1,1],"4":[2,2],"5":[1,1],"6":[1,1],"7":[2,0],"8":[2,1,1,1,1,1],"9":[0,2,0],"10":[1,1],"11":[2,1,1],"12":[1,0],"13":[0,2],"14":[2,0,0,0,0,0,0],"15":[0,3],"16":[3,0],"17":[1,1],"18":[0,1],"19":[1,2,0,2],"20":[1,0],"21":[1,1],"22":[0,0],"23":[0,0],"24":[0,0],"25":[0,0],"26":[0,0],"27":[0,0],"28":[0,0]},"f":{"1":2,"2":2,"3":2,"4":2,"5":2,"6":2,"7":3,"8":3,"9":3,"10":1,"11":6,"12":0},"fnMap":{"1":{"name":"(anonymous_1)","line":26,"loc":{"start":{"line":26,"column":1},"end":{"line":26,"column":13}}},"2":{"name":"(anonymous_2)","line":33,"loc":{"start":{"line":33,"column":5},"end":{"line":33,"column":17}}},"3":{"name":"(anonymous_3)","line":37,"loc":{"start":{"line":37,"column":24},"end":{"line":37,"column":36}}},"4":{"name":"(anonymous_4)","line":69,"loc":{"start":{"line":69,"column":31},"end":{"line":69,"column":48}},"skip":true},"5":{"name":"(anonymous_5)","line":78,"loc":{"start":{"line":78,"column":26},"end":{"line":78,"column":45}},"skip":true},"6":{"name":"(anonymous_6)","line":123,"loc":{"start":{"line":123,"column":33},"end":{"line":123,"column":48}},"skip":true},"7":{"name":"(anonymous_7)","line":125,"loc":{"start":{"line":125,"column":27},"end":{"line":125,"column":39}},"skip":true},"8":{"name":"(anonymous_8)","line":133,"loc":{"start":{"line":133,"column":59},"end":{"line":133,"column":74}},"skip":true},"9":{"name":"(anonymous_9)","line":143,"loc":{"start":{"line":143,"column":45},"end":{"line":143,"column":62}},"skip":true},"10":{"name":"(anonymous_10)","line":144,"loc":{"start":{"line":144,"column":73},"end":{"line":144,"column":92}},"skip":true},"11":{"name":"(anonymous_11)","line":272,"loc":{"start":{"line":272,"column":51},"end":{"line":272,"column":77}},"skip":true},"12":{"name":"(anonymous_12)","line":315,"loc":{"start":{"line":315,"column":32},"end":{"line":315,"column":61}},"skip":true}},"statementMap":{"1":{"start":{"line":26,"column":0},"end":{"line":326,"column":5}},"2":{"start":{"line":28,"column":4},"end":{"line":28,"column":14}},"3":{"start":{"line":33,"column":4},"end":{"line":60,"column":9}},"4":{"start":{"line":35,"column":8},"end":{"line":35,"column":19}},"5":{"start":{"line":37,"column":8},"end":{"line":49,"column":13}},"6":{"start":{"line":38,"column":12},"end":{"line":48,"column":13}},"7":{"start":{"line":39,"column":16},"end":{"line":42,"column":30}},"8":{"start":{"line":44,"column":16},"end":{"line":47,"column":27}},"9":{"start":{"line":51,"column":8},"end":{"line":53,"column":21}},"10":{"start":{"line":55,"column":8},"end":{"line":57,"column":45}},"11":{"start":{"line":59,"column":8},"end":{"line":59,"column":35}},"12":{"start":{"line":61,"column":4},"end":{"line":325,"column":5}},"13":{"start":{"line":69,"column":8},"end":{"line":121,"column":10},"skip":true},"14":{"start":{"line":70,"column":12},"end":{"line":88,"column":13},"skip":true},"15":{"start":{"line":76,"column":16},"end":{"line":87,"column":19},"skip":true},"16":{"start":{"line":79,"column":20},"end":{"line":86,"column":21},"skip":true},"17":{"start":{"line":82,"column":24},"end":{"line":82,"column":43},"skip":true},"18":{"start":{"line":83,"column":24},"end":{"line":83,"column":30},"skip":true},"19":{"start":{"line":85,"column":24},"end":{"line":85,"column":49},"skip":true},"20":{"start":{"line":89,"column":12},"end":{"line":107,"column":13},"skip":true},"21":{"start":{"line":92,"column":16},"end":{"line":102,"column":17},"skip":true},"22":{"start":{"line":93,"column":20},"end":{"line":93,"column":86},"skip":true},"23":{"start":{"line":94,"column":20},"end":{"line":95,"column":45},"skip":true},"24":{"start":{"line":96,"column":20},"end":{"line":96,"column":42},"skip":true},"25":{"start":{"line":97,"column":20},"end":{"line":97,"column":48},"skip":true},"26":{"start":{"line":100,"column":20},"end":{"line":100,"column":85},"skip":true},"27":{"start":{"line":101,"column":20},"end":{"line":101,"column":96},"skip":true},"28":{"start":{"line":103,"column":16},"end":{"line":103,"column":22},"skip":true},"29":{"start":{"line":106,"column":16},"end":{"line":106,"column":22},"skip":true},"30":{"start":{"line":108,"column":12},"end":{"line":120,"column":13},"skip":true},"31":{"start":{"line":114,"column":16},"end":{"line":119,"column":17},"skip":true},"32":{"start":{"line":116,"column":20},"end":{"line":116,"column":78},"skip":true},"33":{"start":{"line":118,"column":20},"end":{"line":118,"column":47},"skip":true},"34":{"start":{"line":123,"column":8},"end":{"line":141,"column":11},"skip":true},"35":{"start":{"line":124,"column":12},"end":{"line":124,"column":54},"skip":true},"36":{"start":{"line":125,"column":12},"end":{"line":140,"column":14},"skip":true},"37":{"start":{"line":126,"column":16},"end":{"line":126,"column":28},"skip":true},"38":{"start":{"line":127,"column":16},"end":{"line":127,"column":69},"skip":true},"39":{"start":{"line":128,"column":16},"end":{"line":128,"column":75},"skip":true},"40":{"start":{"line":129,"column":16},"end":{"line":131,"column":17},"skip":true},"41":{"start":{"line":130,"column":20},"end":{"line":130,"column":27},"skip":true},"42":{"start":{"line":133,"column":16},"end":{"line":137,"column":36},"skip":true},"43":{"start":{"line":134,"column":20},"end":{"line":136,"column":55},"skip":true},"44":{"start":{"line":139,"column":16},"end":{"line":139,"column":57},"skip":true},"45":{"start":{"line":143,"column":8},"end":{"line":147,"column":11},"skip":true},"46":{"start":{"line":144,"column":12},"end":{"line":146,"column":15},"skip":true},"47":{"start":{"line":145,"column":16},"end":{"line":145,"column":70},"skip":true},"48":{"start":{"line":149,"column":8},"end":{"line":149,"column":31},"skip":true},"49":{"start":{"line":150,"column":8},"end":{"line":150,"column":14},"skip":true},"50":{"start":{"line":158,"column":8},"end":{"line":158,"column":31},"skip":true},"51":{"start":{"line":160,"column":8},"end":{"line":160,"column":33},"skip":true},"52":{"start":{"line":161,"column":8},"end":{"line":161,"column":37},"skip":true},"53":{"start":{"line":162,"column":8},"end":{"line":162,"column":35},"skip":true},"54":{"start":{"line":164,"column":8},"end":{"line":164,"column":50},"skip":true},"55":{"start":{"line":166,"column":8},"end":{"line":256,"column":2},"skip":true},"56":{"start":{"line":258,"column":8},"end":{"line":286,"column":9},"skip":true},"57":{"start":{"line":259,"column":12},"end":{"line":269,"column":14},"skip":true},"58":{"start":{"line":271,"column":12},"end":{"line":285,"column":19},"skip":true},"59":{"start":{"line":274,"column":20},"end":{"line":274,"column":35},"skip":true},"60":{"start":{"line":275,"column":20},"end":{"line":284,"column":21},"skip":true},"61":{"start":{"line":277,"column":24},"end":{"line":277,"column":64},"skip":true},"62":{"start":{"line":279,"column":24},"end":{"line":279,"column":40},"skip":true},"63":{"start":{"line":281,"column":24},"end":{"line":281,"column":40},"skip":true},"64":{"start":{"line":283,"column":24},"end":{"line":283,"column":39},"skip":true},"65":{"start":{"line":288,"column":8},"end":{"line":290,"column":9},"skip":true},"66":{"start":{"line":289,"column":12},"end":{"line":289,"column":18},"skip":true},"67":{"start":{"line":291,"column":8},"end":{"line":293,"column":54},"skip":true},"68":{"start":{"line":296,"column":8},"end":{"line":301,"column":37},"skip":true},"69":{"start":{"line":303,"column":8},"end":{"line":303,"column":82},"skip":true},"70":{"start":{"line":306,"column":8},"end":{"line":308,"column":9},"skip":true},"71":{"start":{"line":307,"column":12},"end":{"line":307,"column":82},"skip":true},"72":{"start":{"line":310,"column":8},"end":{"line":312,"column":9},"skip":true},"73":{"start":{"line":311,"column":12},"end":{"line":311,"column":18},"skip":true},"74":{"start":{"line":313,"column":8},"end":{"line":313,"column":54},"skip":true},"75":{"start":{"line":314,"column":8},"end":{"line":314,"column":69},"skip":true},"76":{"start":{"line":315,"column":8},"end":{"line":323,"column":36},"skip":true},"77":{"start":{"line":316,"column":12},"end":{"line":316,"column":61},"skip":true},"78":{"start":{"line":317,"column":12},"end":{"line":320,"column":13},"skip":true},"79":{"start":{"line":318,"column":16},"end":{"line":318,"column":75},"skip":true},"80":{"start":{"line":319,"column":16},"end":{"line":319,"column":23},"skip":true},"81":{"start":{"line":321,"column":12},"end":{"line":321,"column":38},"skip":true},"82":{"start":{"line":322,"column":12},"end":{"line":322,"column":27},"skip":true},"83":{"start":{"line":324,"column":8},"end":{"line":324,"column":14},"skip":true}},"branchMap":{"1":{"line":39,"type":"binary-expr","locations":[{"start":{"line":39,"column":23},"end":{"line":39,"column":62}},{"start":{"line":40,"column":20},"end":{"line":40,"column":70}},{"start":{"line":41,"column":20},"end":{"line":41,"column":71}},{"start":{"line":42,"column":20},"end":{"line":42,"column":29}}]},"2":{"line":44,"type":"binary-expr","locations":[{"start":{"line":44,"column":23},"end":{"line":44,"column":37}},{"start":{"line":45,"column":20},"end":{"line":45,"column":61}},{"start":{"line":46,"column":20},"end":{"line":46,"column":70}},{"start":{"line":47,"column":20},"end":{"line":47,"column":26}}]},"3":{"line":51,"type":"cond-expr","locations":[{"start":{"line":52,"column":14},"end":{"line":52,"column":20}},{"start":{"line":53,"column":14},"end":{"line":53,"column":20}}]},"4":{"line":55,"type":"binary-expr","locations":[{"start":{"line":55,"column":16},"end":{"line":55,"column":44}},{"start":{"line":55,"column":49},"end":{"line":57,"column":43}}]},"5":{"line":55,"type":"cond-expr","locations":[{"start":{"line":56,"column":14},"end":{"line":56,"column":62}},{"start":{"line":57,"column":14},"end":{"line":57,"column":43}}]},"6":{"line":61,"type":"switch","locations":[{"start":{"line":68,"column":4},"end":{"line":150,"column":14},"skip":true},{"start":{"line":156,"column":4},"end":{"line":324,"column":14},"skip":true}]},"7":{"line":70,"type":"if","locations":[{"start":{"line":70,"column":12},"end":{"line":70,"column":12},"skip":true},{"start":{"line":70,"column":12},"end":{"line":70,"column":12},"skip":true}]},"8":{"line":70,"type":"binary-expr","locations":[{"start":{"line":70,"column":16},"end":{"line":70,"column":22},"skip":true},{"start":{"line":70,"column":27},"end":{"line":70,"column":32},"skip":true},{"start":{"line":71,"column":20},"end":{"line":71,"column":39},"skip":true},{"start":{"line":72,"column":20},"end":{"line":72,"column":49},"skip":true},{"start":{"line":73,"column":20},"end":{"line":73,"column":58},"skip":true},{"start":{"line":74,"column":20},"end":{"line":74,"column":69},"skip":true}]},"9":{"line":79,"type":"switch","locations":[{"start":{"line":80,"column":20},"end":{"line":80,"column":33},"skip":true},{"start":{"line":81,"column":20},"end":{"line":83,"column":30},"skip":true},{"start":{"line":84,"column":20},"end":{"line":85,"column":49},"skip":true}]},"10":{"line":89,"type":"switch","locations":[{"start":{"line":90,"column":12},"end":{"line":103,"column":22},"skip":true},{"start":{"line":105,"column":12},"end":{"line":106,"column":22},"skip":true}]},"11":{"line":89,"type":"binary-expr","locations":[{"start":{"line":89,"column":20},"end":{"line":89,"column":25},"skip":true},{"start":{"line":89,"column":29},"end":{"line":89,"column":48},"skip":true},{"start":{"line":89,"column":52},"end":{"line":89,"column":74},"skip":true}]},"12":{"line":92,"type":"if","locations":[{"start":{"line":92,"column":16},"end":{"line":92,"column":16},"skip":true},{"start":{"line":92,"column":16},"end":{"line":92,"column":16},"skip":true}]},"13":{"line":108,"type":"if","locations":[{"start":{"line":108,"column":12},"end":{"line":108,"column":12},"skip":true},{"start":{"line":108,"column":12},"end":{"line":108,"column":12},"skip":true}]},"14":{"line":108,"type":"binary-expr","locations":[{"start":{"line":108,"column":16},"end":{"line":108,"column":61},"skip":true},{"start":{"line":108,"column":66},"end":{"line":108,"column":72},"skip":true},{"start":{"line":108,"column":77},"end":{"line":108,"column":82},"skip":true},{"start":{"line":109,"column":20},"end":{"line":109,"column":39},"skip":true},{"start":{"line":110,"column":20},"end":{"line":110,"column":49},"skip":true},{"start":{"line":111,"column":20},"end":{"line":111,"column":58},"skip":true},{"start":{"line":112,"column":20},"end":{"line":112,"column":68},"skip":true}]},"15":{"line":129,"type":"if","locations":[{"start":{"line":129,"column":16},"end":{"line":129,"column":16},"skip":true},{"start":{"line":129,"column":16},"end":{"line":129,"column":16},"skip":true}]},"16":{"line":134,"type":"cond-expr","locations":[{"start":{"line":135,"column":26},"end":{"line":135,"column":29},"skip":true},{"start":{"line":136,"column":26},"end":{"line":136,"column":54},"skip":true}]},"17":{"line":164,"type":"binary-expr","locations":[{"start":{"line":164,"column":27},"end":{"line":164,"column":43},"skip":true},{"start":{"line":164,"column":47},"end":{"line":164,"column":49},"skip":true}]},"18":{"line":258,"type":"if","locations":[{"start":{"line":258,"column":8},"end":{"line":258,"column":8},"skip":true},{"start":{"line":258,"column":8},"end":{"line":258,"column":8},"skip":true}]},"19":{"line":275,"type":"switch","locations":[{"start":{"line":276,"column":20},"end":{"line":277,"column":64},"skip":true},{"start":{"line":278,"column":20},"end":{"line":279,"column":40},"skip":true},{"start":{"line":280,"column":20},"end":{"line":281,"column":40},"skip":true},{"start":{"line":282,"column":20},"end":{"line":283,"column":39},"skip":true}]},"20":{"line":288,"type":"if","locations":[{"start":{"line":288,"column":8},"end":{"line":288,"column":8},"skip":true},{"start":{"line":288,"column":8},"end":{"line":288,"column":8},"skip":true}]},"21":{"line":288,"type":"binary-expr","locations":[{"start":{"line":288,"column":12},"end":{"line":288,"column":40},"skip":true},{"start":{"line":288,"column":44},"end":{"line":288,"column":67},"skip":true}]},"22":{"line":292,"type":"binary-expr","locations":[{"start":{"line":292,"column":12},"end":{"line":292,"column":50},"skip":true},{"start":{"line":293,"column":12},"end":{"line":293,"column":53},"skip":true}]},"23":{"line":297,"type":"binary-expr","locations":[{"start":{"line":297,"column":12},"end":{"line":297,"column":76},"skip":true},{"start":{"line":298,"column":12},"end":{"line":301,"column":36},"skip":true}]},"24":{"line":303,"type":"binary-expr","locations":[{"start":{"line":303,"column":43},"end":{"line":303,"column":75},"skip":true},{"start":{"line":303,"column":79},"end":{"line":303,"column":81},"skip":true}]},"25":{"line":306,"type":"if","locations":[{"start":{"line":306,"column":8},"end":{"line":306,"column":8},"skip":true},{"start":{"line":306,"column":8},"end":{"line":306,"column":8},"skip":true}]},"26":{"line":310,"type":"if","locations":[{"start":{"line":310,"column":8},"end":{"line":310,"column":8},"skip":true},{"start":{"line":310,"column":8},"end":{"line":310,"column":8},"skip":true}]},"27":{"line":313,"type":"binary-expr","locations":[{"start":{"line":313,"column":27},"end":{"line":313,"column":43},"skip":true},{"start":{"line":313,"column":47},"end":{"line":313,"column":53},"skip":true}]},"28":{"line":317,"type":"if","locations":[{"start":{"line":317,"column":12},"end":{"line":317,"column":12},"skip":true},{"start":{"line":317,"column":12},"end":{"line":317,"column":12},"skip":true}]}},"code":["/*","example.js","","quickstart example","","instruction","    1. save this script as example.js","    2. run the shell command:","        $ npm install npmtest-seamless-immutable && PORT=8081 node example.js","    3. play with the browser-demo on http://127.0.0.1:8081","*/","","","","/* istanbul instrument in package npmtest_seamless_immutable */","/*jslint","    bitwise: true,","    browser: true,","    maxerr: 8,","    maxlen: 96,","    node: true,","    nomen: true,","    regexp: true,","    stupid: true","*/","(function () {","    'use strict';","    var local;","","","","    // run shared js-env code - pre-init","    (function () {","        // init local","        local = {};","        // init modeJs","        local.modeJs = (function () {","            try {","                return typeof navigator.userAgent === 'string' &&","                    typeof document.querySelector('body') === 'object' &&","                    typeof XMLHttpRequest.prototype.open === 'function' &&","                    'browser';","            } catch (errorCaughtBrowser) {","                return module.exports &&","                    typeof process.versions.node === 'string' &&","                    typeof require('http').createServer === 'function' &&","                    'node';","            }","        }());","        // init global","        local.global = local.modeJs === 'browser'","            ? window","            : global;","        // init utility2_rollup","        local = local.global.utility2_rollup || (local.modeJs === 'browser'","            ? local.global.utility2_npmtest_seamless_immutable","            : global.utility2_moduleExports);","        // export local","        local.global.local = local;","    }());","    switch (local.modeJs) {","","","","    // post-init","    // run browser js-env code - post-init","    /* istanbul ignore next */","    case 'browser':","        local.testRunBrowser = function (event) {","            if (!event || (event &&","                    event.currentTarget &&","                    event.currentTarget.className &&","                    event.currentTarget.className.includes &&","                    event.currentTarget.className.includes('onreset'))) {","                // reset output","                Array.from(","                    document.querySelectorAll('body > .resettable')","                ).forEach(function (element) {","                    switch (element.tagName) {","                    case 'INPUT':","                    case 'TEXTAREA':","                        element.value = '';","                        break;","                    default:","                        element.textContent = '';","                    }","                });","            }","            switch (event && event.currentTarget && event.currentTarget.id) {","            case 'testRunButton1':","                // show tests","                if (document.querySelector('#testReportDiv1').style.display === 'none') {","                    document.querySelector('#testReportDiv1').style.display = 'block';","                    document.querySelector('#testRunButton1').textContent =","                        'hide internal test';","                    local.modeTest = true;","                    local.testRunDefault(local);","                // hide tests","                } else {","                    document.querySelector('#testReportDiv1').style.display = 'none';","                    document.querySelector('#testRunButton1').textContent = 'run internal test';","                }","                break;","            // custom-case","            default:","                break;","            }","            if (document.querySelector('#inputTextareaEval1') && (!event || (event &&","                    event.currentTarget &&","                    event.currentTarget.className &&","                    event.currentTarget.className.includes &&","                    event.currentTarget.className.includes('oneval')))) {","                // try to eval input-code","                try {","                    /*jslint evil: true*/","                    eval(document.querySelector('#inputTextareaEval1').value);","                } catch (errorCaught) {","                    console.error(errorCaught);","                }","            }","        };","        // log stderr and stdout to #outputTextareaStdout1","        ['error', 'log'].forEach(function (key) {","            console[key + '_original'] = console[key];","            console[key] = function () {","                var element;","                console[key + '_original'].apply(console, arguments);","                element = document.querySelector('#outputTextareaStdout1');","                if (!element) {","                    return;","                }","                // append text to #outputTextareaStdout1","                element.value += Array.from(arguments).map(function (arg) {","                    return typeof arg === 'string'","                        ? arg","                        : JSON.stringify(arg, null, 4);","                }).join(' ') + '\\n';","                // scroll textarea to bottom","                element.scrollTop = element.scrollHeight;","            };","        });","        // init event-handling","        ['change', 'click', 'keyup'].forEach(function (event) {","            Array.from(document.querySelectorAll('.on' + event)).forEach(function (element) {","                element.addEventListener(event, local.testRunBrowser);","            });","        });","        // run tests","        local.testRunBrowser();","        break;","","","","    // run node js-env code - post-init","    /* istanbul ignore next */","    case 'node':","        // export local","        module.exports = local;","        // require modules","        local.fs = require('fs');","        local.http = require('http');","        local.url = require('url');","        // init assets","        local.assetsDict = local.assetsDict || {};","        /* jslint-ignore-begin */","        local.assetsDict['/assets.index.template.html'] = '\\","<!doctype html>\\n\\","<html lang=\"en\">\\n\\","<head>\\n\\","<meta charset=\"UTF-8\">\\n\\","<meta name=\"viewport\" content=\"width=device-width, initial-scale=1\">\\n\\","<title>{{env.npm_package_name}} (v{{env.npm_package_version}})</title>\\n\\","<style>\\n\\","/*csslint\\n\\","    box-sizing: false,\\n\\","    universal-selector: false\\n\\","*/\\n\\","* {\\n\\","    box-sizing: border-box;\\n\\","}\\n\\","body {\\n\\","    background: #dde;\\n\\","    font-family: Arial, Helvetica, sans-serif;\\n\\","    margin: 2rem;\\n\\","}\\n\\","body > * {\\n\\","    margin-bottom: 1rem;\\n\\","}\\n\\",".utility2FooterDiv {\\n\\","    margin-top: 20px;\\n\\","    text-align: center;\\n\\","}\\n\\","</style>\\n\\","<style>\\n\\","/*csslint\\n\\","*/\\n\\","textarea {\\n\\","    font-family: monospace;\\n\\","    height: 10rem;\\n\\","    width: 100%;\\n\\","}\\n\\","textarea[readonly] {\\n\\","    background: #ddd;\\n\\","}\\n\\","</style>\\n\\","</head>\\n\\","<body>\\n\\","<!-- utility2-comment\\n\\","<div id=\"ajaxProgressDiv1\" style=\"background: #d00; height: 2px; left: 0; margin: 0; padding: 0; position: fixed; top: 0; transition: background 0.5s, width 1.5s; width: 25%;\"></div>\\n\\","utility2-comment -->\\n\\","<h1>\\n\\","<!-- utility2-comment\\n\\","    <a\\n\\","        {{#if env.npm_package_homepage}}\\n\\","        href=\"{{env.npm_package_homepage}}\"\\n\\","        {{/if env.npm_package_homepage}}\\n\\","        target=\"_blank\"\\n\\","    >\\n\\","utility2-comment -->\\n\\","        {{env.npm_package_name}} (v{{env.npm_package_version}})\\n\\","<!-- utility2-comment\\n\\","    </a>\\n\\","utility2-comment -->\\n\\","</h1>\\n\\","<h3>{{env.npm_package_description}}</h3>\\n\\","<!-- utility2-comment\\n\\","<h4><a download href=\"assets.app.js\">download standalone app</a></h4>\\n\\","<button class=\"onclick onreset\" id=\"testRunButton1\">run internal test</button><br>\\n\\","<div id=\"testReportDiv1\" style=\"display: none;\"></div>\\n\\","utility2-comment -->\\n\\","\\n\\","\\n\\","\\n\\","<label>stderr and stdout</label>\\n\\","<textarea class=\"resettable\" id=\"outputTextareaStdout1\" readonly></textarea>\\n\\","<!-- utility2-comment\\n\\","{{#if isRollup}}\\n\\","<script src=\"assets.app.js\"></script>\\n\\","{{#unless isRollup}}\\n\\","utility2-comment -->\\n\\","<script src=\"assets.utility2.rollup.js\"></script>\\n\\","<script src=\"jsonp.utility2._stateInit?callback=window.utility2._stateInit\"></script>\\n\\","<script src=\"assets.npmtest_seamless_immutable.rollup.js\"></script>\\n\\","<script src=\"assets.example.js\"></script>\\n\\","<script src=\"assets.test.js\"></script>\\n\\","<!-- utility2-comment\\n\\","{{/if isRollup}}\\n\\","utility2-comment -->\\n\\","<div class=\"utility2FooterDiv\">\\n\\","    [ this app was created with\\n\\","    <a href=\"https://github.com/kaizhu256/node-utility2\" target=\"_blank\">utility2</a>\\n\\","    ]\\n\\","</div>\\n\\","</body>\\n\\","</html>\\n\\","';","        /* jslint-ignore-end */","        if (local.templateRender) {","            local.assetsDict['/'] = local.templateRender(","                local.assetsDict['/assets.index.template.html'],","                {","                    env: local.objectSetDefault(local.env, {","                        npm_package_description: 'the greatest app in the world!',","                        npm_package_name: 'my-app',","                        npm_package_nameAlias: 'my_app',","                        npm_package_version: '0.0.1'","                    })","                }","            );","        } else {","            local.assetsDict['/'] = local.assetsDict['/assets.index.template.html']","                .replace((/\\{\\{env\\.(\\w+?)\\}\\}/g), function (match0, match1) {","                    // jslint-hack","                    String(match0);","                    switch (match1) {","                    case 'npm_package_description':","                        return 'the greatest app in the world!';","                    case 'npm_package_name':","                        return 'my-app';","                    case 'npm_package_nameAlias':","                        return 'my_app';","                    case 'npm_package_version':","                        return '0.0.1';","                    }","                });","        }","        // run the cli","        if (local.global.utility2_rollup || module !== require.main) {","            break;","        }","        local.assetsDict['/assets.example.js'] =","            local.assetsDict['/assets.example.js'] ||","            local.fs.readFileSync(__filename, 'utf8');","        // bug-workaround - long $npm_package_buildCustomOrg","        /* jslint-ignore-begin */","        local.assetsDict['/assets.npmtest_seamless_immutable.rollup.js'] =","            local.assetsDict['/assets.npmtest_seamless_immutable.rollup.js'] ||","            local.fs.readFileSync(","                local.npmtest_seamless_immutable.__dirname + '/lib.npmtest_seamless_immutable.js',","                'utf8'","            ).replace((/^#!/), '//');","        /* jslint-ignore-end */","        local.assetsDict['/favicon.ico'] = local.assetsDict['/favicon.ico'] || '';","        // if $npm_config_timeout_exit exists,","        // then exit this process after $npm_config_timeout_exit ms","        if (Number(process.env.npm_config_timeout_exit)) {","            setTimeout(process.exit, Number(process.env.npm_config_timeout_exit));","        }","        // start server","        if (local.global.utility2_serverHttp1) {","            break;","        }","        process.env.PORT = process.env.PORT || '8081';","        console.error('server starting on port ' + process.env.PORT);","        local.http.createServer(function (request, response) {","            request.urlParsed = local.url.parse(request.url);","            if (local.assetsDict[request.urlParsed.pathname] !== undefined) {","                response.end(local.assetsDict[request.urlParsed.pathname]);","                return;","            }","            response.statusCode = 404;","            response.end();","        }).listen(process.env.PORT);","        break;","    }","}());",""],"l":{"26":2,"28":2,"33":2,"35":2,"37":2,"38":2,"39":2,"44":1,"51":2,"55":2,"59":2,"61":2,"69":1,"70":2,"76":2,"79":2,"82":2,"83":2,"85":1,"89":2,"92":1,"93":1,"94":1,"96":1,"97":1,"100":1,"101":1,"103":1,"106":1,"108":2,"114":1,"116":1,"118":1,"123":1,"124":2,"125":2,"126":3,"127":3,"128":3,"129":3,"130":1,"133":3,"134":3,"139":3,"143":1,"144":3,"145":1,"149":1,"150":1,"158":1,"160":1,"161":1,"162":1,"164":1,"166":1,"258":1,"259":1,"271":1,"274":6,"275":6,"277":1,"279":2,"281":1,"283":2,"288":1,"289":1,"291":1,"296":1,"303":1,"306":1,"307":1,"310":1,"311":1,"313":1,"314":1,"315":1,"316":1,"317":1,"318":1,"319":1,"321":1,"322":1,"324":1}},"/home/travis/build/npmtest/node-npmtest-seamless-immutable/node_modules/seamless-immutable/src/seamless-immutable.js":{"path":"/home/travis/build/npmtest/node-npmtest-seamless-immutable/node_modules/seamless-immutable/src/seamless-immutable.js","s":{"1":1,"2":1,"3":2,"4":2,"5":2,"6":2,"7":1,"8":1,"9":1,"10":2,"11":1,"12":0,"13":0,"14":0,"15":0,"16":1,"17":53,"18":1,"19":18,"20":0,"21":2,"22":1,"23":4,"24":1,"25":4,"26":4,"27":0,"28":1,"29":0,"30":1,"31":0,"32":2,"33":2,"34":2,"35":2,"36":2,"37":1,"38":0,"39":0,"40":0,"41":2,"42":2,"43":1,"44":4,"45":4,"46":4,"47":18,"48":18,"49":4,"50":4,"51":1,"52":14,"53":14,"54":0,"55":1,"56":0,"57":0,"58":0,"59":0,"60":0,"61":0,"62":0,"63":0,"64":0,"65":2,"66":1,"67":0,"68":0,"69":0,"70":0,"71":0,"72":0,"73":0,"74":0,"75":0,"76":0,"77":0,"78":0,"79":0,"80":0,"81":0,"82":0,"83":0,"84":1,"85":2,"86":14,"87":14,"88":14,"89":2,"90":1,"91":1,"92":1,"93":1,"94":1,"95":1,"96":1,"97":1,"98":2,"99":0,"100":2,"101":1,"102":0,"103":0,"104":0,"105":1,"106":0,"107":1,"108":0,"109":0,"110":0,"111":0,"112":0,"113":0,"114":0,"115":0,"116":0,"117":1,"118":0,"119":0,"120":0,"121":0,"122":0,"123":0,"124":0,"125":0,"126":0,"127":0,"128":0,"129":0,"130":0,"131":0,"132":1,"133":0,"134":0,"135":0,"136":0,"137":0,"138":0,"139":0,"140":1,"141":0,"142":0,"143":0,"144":0,"145":0,"146":0,"147":0,"148":0,"149":1,"150":0,"151":0,"152":0,"153":1,"154":0,"155":0,"156":0,"157":0,"158":1,"159":0,"160":0,"161":0,"162":0,"163":0,"164":1,"165":0,"166":0,"167":0,"168":0,"169":0,"170":0,"171":0,"172":0,"173":0,"174":0,"175":0,"176":0,"177":0,"178":0,"179":1,"180":0,"181":0,"182":0,"183":0,"184":0,"185":0,"186":0,"187":0,"188":0,"189":0,"190":0,"191":0,"192":0,"193":0,"194":0,"195":0,"196":0,"197":0,"198":0,"199":0,"200":1,"201":0,"202":0,"203":0,"204":0,"205":0,"206":0,"207":2,"208":1,"209":0,"210":0,"211":0,"212":0,"213":0,"214":0,"215":0,"216":0,"217":0,"218":0,"219":0,"220":0,"221":0,"222":0,"223":0,"224":0,"225":1,"226":0,"227":0,"228":0,"229":0,"230":0,"231":0,"232":0,"233":0,"234":0,"235":1,"236":0,"237":0,"238":0,"239":1,"240":0,"241":0,"242":0,"243":1,"244":0,"245":0,"246":0,"247":1,"248":0,"249":0,"250":1,"251":0,"252":0,"253":0,"254":0,"255":0,"256":0,"257":0,"258":0,"259":0,"260":1,"261":2,"262":1,"263":2,"264":1,"265":1,"266":1,"267":1,"268":1,"269":1,"270":1,"271":1,"272":1,"273":2,"274":1,"275":4,"276":1,"277":4,"278":1,"279":4,"280":1,"281":4,"282":1,"283":4,"284":0,"285":4,"286":0,"287":4,"288":2,"289":2,"290":0,"291":2,"292":2,"293":0,"294":2,"295":2,"296":2,"297":2,"298":2,"299":0,"300":2,"301":2,"302":0,"303":0,"304":2,"305":1,"306":1,"307":0,"308":0,"309":0,"310":16,"311":1,"312":1,"313":0,"314":0,"315":0,"316":0,"317":0,"318":4,"319":1,"320":1,"321":0,"322":0,"323":0,"324":0,"325":0,"326":0,"327":0,"328":2,"329":2,"330":2,"331":2,"332":2,"333":2,"334":2,"335":2,"336":2,"337":2,"338":2,"339":2,"340":2,"341":2,"342":2,"343":2,"344":1,"345":2,"346":2,"347":1,"348":1,"349":0,"350":0,"351":1,"352":1,"353":0,"354":0,"355":0,"356":0,"357":0,"358":0},"b":{"1":[2,2,2],"2":[1,1],"3":[1,0],"4":[2,1,1],"5":[0,0],"6":[4,0],"7":[4,4],"8":[0,0,0],"9":[0,0,0,0],"10":[4,0],"11":[18,0],"12":[0,0],"13":[0,0],"14":[0,0],"15":[0,0,0,0],"16":[0,0],"17":[0,0],"18":[0,0],"19":[0,0],"20":[0,0],"21":[0,0],"22":[0,0],"23":[0,0],"24":[14,0],"25":[1,1],"26":[0,0],"27":[0,0],"28":[0,0],"29":[0,0],"30":[0,0],"31":[0,0],"32":[0,0],"33":[0,0],"34":[0,0],"35":[0,0],"36":[0,0],"37":[0,0],"38":[0,0],"39":[0,0],"40":[0,0,0,0],"41":[0,0],"42":[0,0],"43":[0,0],"44":[0,0],"45":[0,0],"46":[0,0,0],"47":[0,0],"48":[0,0],"49":[0,0],"50":[0,0,0,0],"51":[0,0],"52":[0,0],"53":[0,0,0],"54":[0,0],"55":[0,0],"56":[0,0],"57":[0,0],"58":[0,0],"59":[0,0],"60":[0,0],"61":[0,0],"62":[0,0],"63":[0,0],"64":[0,0],"65":[0,0],"66":[0,0],"67":[0,0],"68":[0,0],"69":[0,0],"70":[0,0],"71":[0,0],"72":[0,0],"73":[0,0,0],"74":[0,0],"75":[0,0],"76":[0,0],"77":[0,0],"78":[0,0],"79":[0,0,0,0],"80":[0,0],"81":[0,0],"82":[0,0],"83":[0,0],"84":[0,0],"85":[0,0],"86":[0,0],"87":[0,0],"88":[0,0],"89":[1,1],"90":[4,4,4,4],"91":[4,0],"92":[4,4],"93":[0,4],"94":[4,4,4,4],"95":[0,4],"96":[2,2],"97":[0,2],"98":[2,0],"99":[2,0],"100":[2,0],"101":[2,0],"102":[2,0],"103":[0,2],"104":[0,0],"105":[0,0],"106":[0,0],"107":[0,0],"108":[1,1],"109":[0,1],"110":[1,0],"111":[1,0],"112":[0,0],"113":[0,0],"114":[0,0]},"f":{"1":1,"2":2,"3":2,"4":0,"5":53,"6":18,"7":0,"8":4,"9":4,"10":0,"11":0,"12":0,"13":4,"14":14,"15":0,"16":0,"17":0,"18":2,"19":0,"20":0,"21":0,"22":0,"23":0,"24":0,"25":0,"26":0,"27":0,"28":0,"29":0,"30":0,"31":0,"32":0,"33":0,"34":0,"35":0,"36":0,"37":0,"38":0,"39":0,"40":0,"41":2,"42":2,"43":4,"44":4,"45":4,"46":4,"47":4,"48":0,"49":16,"50":0,"51":4,"52":0,"53":2,"54":0,"55":0},"fnMap":{"1":{"name":"(anonymous_1)","line":1,"loc":{"start":{"line":1,"column":1},"end":{"line":1,"column":12}}},"2":{"name":"immutableInit","line":4,"loc":{"start":{"line":4,"column":0},"end":{"line":4,"column":31}}},"3":{"name":"isObject","line":19,"loc":{"start":{"line":19,"column":2},"end":{"line":19,"column":26}}},"4":{"name":"instantiateEmptyObject","line":27,"loc":{"start":{"line":27,"column":2},"end":{"line":27,"column":39}}},"5":{"name":"addPropertyTo","line":36,"loc":{"start":{"line":36,"column":2},"end":{"line":36,"column":52}}},"6":{"name":"banProperty","line":45,"loc":{"start":{"line":45,"column":2},"end":{"line":45,"column":43}}},"7":{"name":"(anonymous_7)","line":46,"loc":{"start":{"line":46,"column":38},"end":{"line":46,"column":49}}},"8":{"name":"addImmutabilityTag","line":54,"loc":{"start":{"line":54,"column":2},"end":{"line":54,"column":38}}},"9":{"name":"isImmutable","line":58,"loc":{"start":{"line":58,"column":2},"end":{"line":58,"column":31}}},"10":{"name":"isEqual","line":70,"loc":{"start":{"line":70,"column":2},"end":{"line":70,"column":25}}},"11":{"name":"isMergableObject","line":75,"loc":{"start":{"line":75,"column":2},"end":{"line":75,"column":36}}},"12":{"name":"ImmutableError","line":101,"loc":{"start":{"line":101,"column":2},"end":{"line":101,"column":35}}},"13":{"name":"makeImmutable","line":109,"loc":{"start":{"line":109,"column":2},"end":{"line":109,"column":45}}},"14":{"name":"makeMethodReturnImmutable","line":128,"loc":{"start":{"line":128,"column":2},"end":{"line":128,"column":54}}},"15":{"name":"(anonymous_15)","line":131,"loc":{"start":{"line":131,"column":35},"end":{"line":131,"column":46}}},"16":{"name":"arraySet","line":136,"loc":{"start":{"line":136,"column":2},"end":{"line":136,"column":40}}},"17":{"name":"arraySetIn","line":155,"loc":{"start":{"line":155,"column":2},"end":{"line":155,"column":42}}},"18":{"name":"makeImmutableArray","line":188,"loc":{"start":{"line":188,"column":2},"end":{"line":188,"column":37}}},"19":{"name":"makeImmutableDate","line":216,"loc":{"start":{"line":216,"column":2},"end":{"line":216,"column":35}}},"20":{"name":"asMutableDate","line":224,"loc":{"start":{"line":224,"column":2},"end":{"line":224,"column":27}}},"21":{"name":"flatMap","line":235,"loc":{"start":{"line":235,"column":2},"end":{"line":235,"column":29}}},"22":{"name":"without","line":265,"loc":{"start":{"line":265,"column":2},"end":{"line":265,"column":27}}},"23":{"name":"(anonymous_23)","line":278,"loc":{"start":{"line":278,"column":32},"end":{"line":278,"column":55}}},"24":{"name":"(anonymous_24)","line":284,"loc":{"start":{"line":284,"column":15},"end":{"line":284,"column":34}}},"25":{"name":"asMutableArray","line":300,"loc":{"start":{"line":300,"column":2},"end":{"line":300,"column":32}}},"26":{"name":"asObject","line":323,"loc":{"start":{"line":323,"column":2},"end":{"line":323,"column":30}}},"27":{"name":"(anonymous_27)","line":327,"loc":{"start":{"line":327,"column":17},"end":{"line":327,"column":33}}},"28":{"name":"asDeepMutable","line":345,"loc":{"start":{"line":345,"column":2},"end":{"line":345,"column":30}}},"29":{"name":"quickCopy","line":355,"loc":{"start":{"line":355,"column":2},"end":{"line":355,"column":32}}},"30":{"name":"merge","line":374,"loc":{"start":{"line":374,"column":2},"end":{"line":374,"column":32}}},"31":{"name":"addToResult","line":393,"loc":{"start":{"line":393,"column":4},"end":{"line":393,"column":52}}},"32":{"name":"clearDroppedKeys","line":424,"loc":{"start":{"line":424,"column":4},"end":{"line":424,"column":52}}},"33":{"name":"objectReplace","line":469,"loc":{"start":{"line":469,"column":2},"end":{"line":469,"column":40}}},"34":{"name":"objectSetIn","line":486,"loc":{"start":{"line":486,"column":2},"end":{"line":486,"column":44}}},"35":{"name":"objectSet","line":516,"loc":{"start":{"line":516,"column":2},"end":{"line":516,"column":46}}},"36":{"name":"update","line":533,"loc":{"start":{"line":533,"column":2},"end":{"line":533,"column":37}}},"37":{"name":"getInPath","line":539,"loc":{"start":{"line":539,"column":2},"end":{"line":539,"column":32}}},"38":{"name":"updateIn","line":548,"loc":{"start":{"line":548,"column":2},"end":{"line":548,"column":35}}},"39":{"name":"getIn","line":555,"loc":{"start":{"line":555,"column":2},"end":{"line":555,"column":37}}},"40":{"name":"asMutableObject","line":560,"loc":{"start":{"line":560,"column":2},"end":{"line":560,"column":33}}},"41":{"name":"instantiatePlainObject","line":581,"loc":{"start":{"line":581,"column":2},"end":{"line":581,"column":36}}},"42":{"name":"makeImmutableObject","line":586,"loc":{"start":{"line":586,"column":2},"end":{"line":586,"column":36}}},"43":{"name":"isReactElement","line":604,"loc":{"start":{"line":604,"column":2},"end":{"line":604,"column":31}}},"44":{"name":"isFileObject","line":610,"loc":{"start":{"line":610,"column":2},"end":{"line":610,"column":29}}},"45":{"name":"isPromise","line":615,"loc":{"start":{"line":615,"column":2},"end":{"line":615,"column":26}}},"46":{"name":"isError","line":620,"loc":{"start":{"line":620,"column":2},"end":{"line":620,"column":24}}},"47":{"name":"Immutable","line":624,"loc":{"start":{"line":624,"column":2},"end":{"line":624,"column":51}}},"48":{"name":"(anonymous_48)","line":638,"loc":{"start":{"line":638,"column":36},"end":{"line":638,"column":47}}},"49":{"name":"toStatic","line":665,"loc":{"start":{"line":665,"column":2},"end":{"line":665,"column":24}}},"50":{"name":"staticWrapper","line":666,"loc":{"start":{"line":666,"column":4},"end":{"line":666,"column":29}}},"51":{"name":"toStaticObjectOrArray","line":678,"loc":{"start":{"line":678,"column":2},"end":{"line":678,"column":52}}},"52":{"name":"staticWrapper","line":679,"loc":{"start":{"line":679,"column":4},"end":{"line":679,"column":29}}},"53":{"name":"toStaticObjectOrDateOrArray","line":695,"loc":{"start":{"line":695,"column":2},"end":{"line":695,"column":66}}},"54":{"name":"staticWrapper","line":696,"loc":{"start":{"line":696,"column":4},"end":{"line":696,"column":29}}},"55":{"name":"(anonymous_55)","line":740,"loc":{"start":{"line":740,"column":11},"end":{"line":740,"column":22}},"skip":true}},"statementMap":{"1":{"start":{"line":1,"column":0},"end":{"line":752,"column":5}},"2":{"start":{"line":4,"column":0},"end":{"line":735,"column":1}},"3":{"start":{"line":7,"column":2},"end":{"line":7,"column":101}},"4":{"start":{"line":8,"column":2},"end":{"line":8,"column":43}},"5":{"start":{"line":10,"column":2},"end":{"line":12,"column":4}},"6":{"start":{"line":13,"column":2},"end":{"line":17,"column":3}},"7":{"start":{"line":14,"column":6},"end":{"line":16,"column":7}},"8":{"start":{"line":15,"column":10},"end":{"line":15,"column":63}},"9":{"start":{"line":19,"column":2},"end":{"line":25,"column":3}},"10":{"start":{"line":20,"column":4},"end":{"line":24,"column":6}},"11":{"start":{"line":27,"column":2},"end":{"line":34,"column":3}},"12":{"start":{"line":28,"column":6},"end":{"line":28,"column":49}},"13":{"start":{"line":29,"column":6},"end":{"line":33,"column":7}},"14":{"start":{"line":30,"column":10},"end":{"line":30,"column":20}},"15":{"start":{"line":32,"column":10},"end":{"line":32,"column":42}},"16":{"start":{"line":36,"column":2},"end":{"line":43,"column":3}},"17":{"start":{"line":37,"column":4},"end":{"line":42,"column":7}},"18":{"start":{"line":45,"column":2},"end":{"line":50,"column":3}},"19":{"start":{"line":46,"column":4},"end":{"line":49,"column":7}},"20":{"start":{"line":47,"column":6},"end":{"line":48,"column":69}},"21":{"start":{"line":52,"column":2},"end":{"line":52,"column":54}},"22":{"start":{"line":54,"column":2},"end":{"line":56,"column":3}},"23":{"start":{"line":55,"column":4},"end":{"line":55,"column":49}},"24":{"start":{"line":58,"column":2},"end":{"line":68,"column":3}},"25":{"start":{"line":59,"column":4},"end":{"line":67,"column":5}},"26":{"start":{"line":60,"column":6},"end":{"line":62,"column":8}},"27":{"start":{"line":66,"column":6},"end":{"line":66,"column":18}},"28":{"start":{"line":70,"column":2},"end":{"line":73,"column":3}},"29":{"start":{"line":72,"column":4},"end":{"line":72,"column":45}},"30":{"start":{"line":75,"column":2},"end":{"line":77,"column":3}},"31":{"start":{"line":76,"column":4},"end":{"line":76,"column":114}},"32":{"start":{"line":79,"column":2},"end":{"line":81,"column":4}},"33":{"start":{"line":83,"column":2},"end":{"line":85,"column":4}},"34":{"start":{"line":87,"column":2},"end":{"line":89,"column":5}},"35":{"start":{"line":91,"column":2},"end":{"line":93,"column":5}},"36":{"start":{"line":95,"column":2},"end":{"line":99,"column":5}},"37":{"start":{"line":101,"column":2},"end":{"line":105,"column":3}},"38":{"start":{"line":102,"column":4},"end":{"line":102,"column":26}},"39":{"start":{"line":103,"column":4},"end":{"line":103,"column":27}},"40":{"start":{"line":104,"column":4},"end":{"line":104,"column":37}},"41":{"start":{"line":106,"column":2},"end":{"line":106,"column":41}},"42":{"start":{"line":107,"column":2},"end":{"line":107,"column":47}},"43":{"start":{"line":109,"column":2},"end":{"line":126,"column":3}},"44":{"start":{"line":111,"column":4},"end":{"line":111,"column":28}},"45":{"start":{"line":113,"column":4},"end":{"line":123,"column":5}},"46":{"start":{"line":115,"column":6},"end":{"line":119,"column":7}},"47":{"start":{"line":116,"column":8},"end":{"line":118,"column":9}},"48":{"start":{"line":117,"column":10},"end":{"line":117,"column":49}},"49":{"start":{"line":122,"column":6},"end":{"line":122,"column":25}},"50":{"start":{"line":125,"column":4},"end":{"line":125,"column":15}},"51":{"start":{"line":128,"column":2},"end":{"line":134,"column":3}},"52":{"start":{"line":129,"column":4},"end":{"line":129,"column":40}},"53":{"start":{"line":131,"column":4},"end":{"line":133,"column":7}},"54":{"start":{"line":132,"column":6},"end":{"line":132,"column":60}},"55":{"start":{"line":136,"column":2},"end":{"line":151,"column":3}},"56":{"start":{"line":137,"column":4},"end":{"line":137,"column":46}},"57":{"start":{"line":139,"column":4},"end":{"line":146,"column":5}},"58":{"start":{"line":140,"column":6},"end":{"line":142,"column":7}},"59":{"start":{"line":141,"column":8},"end":{"line":141,"column":81}},"60":{"start":{"line":143,"column":6},"end":{"line":145,"column":7}},"61":{"start":{"line":144,"column":8},"end":{"line":144,"column":20}},"62":{"start":{"line":148,"column":4},"end":{"line":148,"column":44}},"63":{"start":{"line":149,"column":4},"end":{"line":149,"column":36}},"64":{"start":{"line":150,"column":4},"end":{"line":150,"column":39}},"65":{"start":{"line":153,"column":2},"end":{"line":153,"column":42}},"66":{"start":{"line":155,"column":2},"end":{"line":186,"column":3}},"67":{"start":{"line":156,"column":4},"end":{"line":156,"column":22}},"68":{"start":{"line":158,"column":4},"end":{"line":185,"column":5}},"69":{"start":{"line":159,"column":6},"end":{"line":159,"column":54}},"70":{"start":{"line":161,"column":6},"end":{"line":161,"column":30}},"71":{"start":{"line":162,"column":6},"end":{"line":162,"column":32}},"72":{"start":{"line":163,"column":6},"end":{"line":163,"column":19}},"73":{"start":{"line":165,"column":6},"end":{"line":176,"column":7}},"74":{"start":{"line":167,"column":8},"end":{"line":167,"column":58}},"75":{"start":{"line":169,"column":8},"end":{"line":169,"column":31}},"76":{"start":{"line":171,"column":8},"end":{"line":175,"column":9}},"77":{"start":{"line":172,"column":10},"end":{"line":172,"column":71}},"78":{"start":{"line":174,"column":10},"end":{"line":174,"column":73}},"79":{"start":{"line":178,"column":6},"end":{"line":180,"column":7}},"80":{"start":{"line":179,"column":8},"end":{"line":179,"column":20}},"81":{"start":{"line":182,"column":6},"end":{"line":182,"column":46}},"82":{"start":{"line":183,"column":6},"end":{"line":183,"column":31}},"83":{"start":{"line":184,"column":6},"end":{"line":184,"column":41}},"84":{"start":{"line":188,"column":2},"end":{"line":214,"column":3}},"85":{"start":{"line":191,"column":4},"end":{"line":196,"column":5}},"86":{"start":{"line":192,"column":6},"end":{"line":195,"column":7}},"87":{"start":{"line":193,"column":8},"end":{"line":193,"column":56}},"88":{"start":{"line":194,"column":8},"end":{"line":194,"column":53}},"89":{"start":{"line":198,"column":4},"end":{"line":207,"column":5}},"90":{"start":{"line":199,"column":6},"end":{"line":199,"column":48}},"91":{"start":{"line":200,"column":6},"end":{"line":200,"column":49}},"92":{"start":{"line":201,"column":6},"end":{"line":201,"column":56}},"93":{"start":{"line":202,"column":6},"end":{"line":202,"column":44}},"94":{"start":{"line":203,"column":6},"end":{"line":203,"column":48}},"95":{"start":{"line":204,"column":6},"end":{"line":204,"column":45}},"96":{"start":{"line":205,"column":6},"end":{"line":205,"column":49}},"97":{"start":{"line":206,"column":6},"end":{"line":206,"column":43}},"98":{"start":{"line":209,"column":4},"end":{"line":211,"column":5}},"99":{"start":{"line":210,"column":6},"end":{"line":210,"column":37}},"100":{"start":{"line":213,"column":4},"end":{"line":213,"column":54}},"101":{"start":{"line":216,"column":2},"end":{"line":222,"column":3}},"102":{"start":{"line":217,"column":4},"end":{"line":219,"column":5}},"103":{"start":{"line":218,"column":6},"end":{"line":218,"column":54}},"104":{"start":{"line":221,"column":4},"end":{"line":221,"column":52}},"105":{"start":{"line":224,"column":2},"end":{"line":226,"column":3}},"106":{"start":{"line":225,"column":4},"end":{"line":225,"column":36}},"107":{"start":{"line":235,"column":2},"end":{"line":258,"column":3}},"108":{"start":{"line":237,"column":4},"end":{"line":239,"column":5}},"109":{"start":{"line":238,"column":6},"end":{"line":238,"column":18}},"110":{"start":{"line":241,"column":4},"end":{"line":243,"column":14}},"111":{"start":{"line":245,"column":4},"end":{"line":255,"column":5}},"112":{"start":{"line":246,"column":6},"end":{"line":246,"column":62}},"113":{"start":{"line":248,"column":6},"end":{"line":254,"column":7}},"114":{"start":{"line":250,"column":8},"end":{"line":250,"column":50}},"115":{"start":{"line":253,"column":8},"end":{"line":253,"column":36}},"116":{"start":{"line":257,"column":4},"end":{"line":257,"column":38}},"117":{"start":{"line":265,"column":2},"end":{"line":298,"column":3}},"118":{"start":{"line":267,"column":4},"end":{"line":269,"column":5}},"119":{"start":{"line":268,"column":6},"end":{"line":268,"column":18}},"120":{"start":{"line":271,"column":4},"end":{"line":287,"column":5}},"121":{"start":{"line":273,"column":6},"end":{"line":274,"column":64}},"122":{"start":{"line":278,"column":6},"end":{"line":282,"column":9}},"123":{"start":{"line":279,"column":8},"end":{"line":281,"column":9}},"124":{"start":{"line":280,"column":10},"end":{"line":280,"column":35}},"125":{"start":{"line":284,"column":6},"end":{"line":286,"column":8}},"126":{"start":{"line":285,"column":8},"end":{"line":285,"column":53}},"127":{"start":{"line":289,"column":4},"end":{"line":289,"column":46}},"128":{"start":{"line":291,"column":4},"end":{"line":295,"column":5}},"129":{"start":{"line":292,"column":6},"end":{"line":294,"column":7}},"130":{"start":{"line":293,"column":8},"end":{"line":293,"column":32}},"131":{"start":{"line":297,"column":4},"end":{"line":297,"column":39}},"132":{"start":{"line":300,"column":2},"end":{"line":314,"column":3}},"133":{"start":{"line":301,"column":4},"end":{"line":301,"column":31}},"134":{"start":{"line":303,"column":4},"end":{"line":311,"column":5}},"135":{"start":{"line":304,"column":6},"end":{"line":306,"column":7}},"136":{"start":{"line":305,"column":8},"end":{"line":305,"column":44}},"137":{"start":{"line":308,"column":6},"end":{"line":310,"column":7}},"138":{"start":{"line":309,"column":8},"end":{"line":309,"column":29}},"139":{"start":{"line":313,"column":4},"end":{"line":313,"column":18}},"140":{"start":{"line":323,"column":2},"end":{"line":343,"column":3}},"141":{"start":{"line":326,"column":4},"end":{"line":328,"column":5}},"142":{"start":{"line":327,"column":6},"end":{"line":327,"column":51}},"143":{"start":{"line":327,"column":35},"end":{"line":327,"column":48}},"144":{"start":{"line":330,"column":4},"end":{"line":332,"column":14}},"145":{"start":{"line":334,"column":4},"end":{"line":340,"column":5}},"146":{"start":{"line":335,"column":6},"end":{"line":337,"column":26}},"147":{"start":{"line":339,"column":6},"end":{"line":339,"column":26}},"148":{"start":{"line":342,"column":4},"end":{"line":342,"column":39}},"149":{"start":{"line":345,"column":2},"end":{"line":353,"column":3}},"150":{"start":{"line":346,"column":4},"end":{"line":351,"column":21}},"151":{"start":{"line":351,"column":8},"end":{"line":351,"column":19}},"152":{"start":{"line":352,"column":4},"end":{"line":352,"column":50}},"153":{"start":{"line":355,"column":2},"end":{"line":363,"column":3}},"154":{"start":{"line":356,"column":4},"end":{"line":360,"column":5}},"155":{"start":{"line":357,"column":6},"end":{"line":359,"column":7}},"156":{"start":{"line":358,"column":8},"end":{"line":358,"column":29}},"157":{"start":{"line":362,"column":4},"end":{"line":362,"column":16}},"158":{"start":{"line":374,"column":2},"end":{"line":467,"column":3}},"159":{"start":{"line":376,"column":4},"end":{"line":378,"column":5}},"160":{"start":{"line":377,"column":6},"end":{"line":377,"column":18}},"161":{"start":{"line":380,"column":4},"end":{"line":382,"column":5}},"162":{"start":{"line":381,"column":6},"end":{"line":381,"column":118}},"163":{"start":{"line":384,"column":4},"end":{"line":388,"column":15}},"164":{"start":{"line":393,"column":4},"end":{"line":422,"column":5}},"165":{"start":{"line":394,"column":6},"end":{"line":394,"column":52}},"166":{"start":{"line":395,"column":6},"end":{"line":395,"column":83}},"167":{"start":{"line":396,"column":6},"end":{"line":396,"column":41}},"168":{"start":{"line":398,"column":6},"end":{"line":421,"column":7}},"169":{"start":{"line":403,"column":8},"end":{"line":403,"column":21}},"170":{"start":{"line":405,"column":8},"end":{"line":411,"column":9}},"171":{"start":{"line":406,"column":10},"end":{"line":406,"column":34}},"172":{"start":{"line":407,"column":15},"end":{"line":411,"column":9}},"173":{"start":{"line":408,"column":10},"end":{"line":408,"column":75}},"174":{"start":{"line":410,"column":10},"end":{"line":410,"column":36}},"175":{"start":{"line":413,"column":8},"end":{"line":420,"column":9}},"176":{"start":{"line":414,"column":10},"end":{"line":417,"column":11}},"177":{"start":{"line":416,"column":12},"end":{"line":416,"column":79}},"178":{"start":{"line":419,"column":10},"end":{"line":419,"column":33}},"179":{"start":{"line":424,"column":4},"end":{"line":434,"column":5}},"180":{"start":{"line":425,"column":6},"end":{"line":433,"column":7}},"181":{"start":{"line":426,"column":8},"end":{"line":432,"column":9}},"182":{"start":{"line":427,"column":10},"end":{"line":430,"column":11}},"183":{"start":{"line":429,"column":12},"end":{"line":429,"column":79}},"184":{"start":{"line":431,"column":10},"end":{"line":431,"column":29}},"185":{"start":{"line":436,"column":4},"end":{"line":436,"column":12}},"186":{"start":{"line":439,"column":4},"end":{"line":460,"column":5}},"187":{"start":{"line":441,"column":6},"end":{"line":445,"column":7}},"188":{"start":{"line":442,"column":8},"end":{"line":444,"column":9}},"189":{"start":{"line":443,"column":10},"end":{"line":443,"column":40}},"190":{"start":{"line":446,"column":6},"end":{"line":448,"column":7}},"191":{"start":{"line":447,"column":8},"end":{"line":447,"column":38}},"192":{"start":{"line":451,"column":6},"end":{"line":459,"column":7}},"193":{"start":{"line":452,"column":8},"end":{"line":452,"column":42}},"194":{"start":{"line":454,"column":8},"end":{"line":458,"column":9}},"195":{"start":{"line":455,"column":10},"end":{"line":457,"column":11}},"196":{"start":{"line":456,"column":12},"end":{"line":456,"column":83}},"197":{"start":{"line":462,"column":4},"end":{"line":466,"column":5}},"198":{"start":{"line":463,"column":6},"end":{"line":463,"column":18}},"199":{"start":{"line":465,"column":6},"end":{"line":465,"column":41}},"200":{"start":{"line":469,"column":2},"end":{"line":482,"column":3}},"201":{"start":{"line":470,"column":4},"end":{"line":470,"column":46}},"202":{"start":{"line":473,"column":4},"end":{"line":475,"column":5}},"203":{"start":{"line":474,"column":6},"end":{"line":474,"column":18}},"204":{"start":{"line":477,"column":4},"end":{"line":479,"column":5}},"205":{"start":{"line":478,"column":6},"end":{"line":478,"column":120}},"206":{"start":{"line":481,"column":4},"end":{"line":481,"column":71}},"207":{"start":{"line":484,"column":2},"end":{"line":484,"column":43}},"208":{"start":{"line":486,"column":2},"end":{"line":514,"column":3}},"209":{"start":{"line":487,"column":4},"end":{"line":489,"column":5}},"210":{"start":{"line":488,"column":6},"end":{"line":488,"column":124}},"211":{"start":{"line":491,"column":4},"end":{"line":491,"column":23}},"212":{"start":{"line":492,"column":4},"end":{"line":494,"column":5}},"213":{"start":{"line":493,"column":6},"end":{"line":493,"column":55}},"214":{"start":{"line":496,"column":4},"end":{"line":496,"column":29}},"215":{"start":{"line":497,"column":4},"end":{"line":497,"column":17}},"216":{"start":{"line":498,"column":4},"end":{"line":498,"column":30}},"217":{"start":{"line":500,"column":4},"end":{"line":505,"column":5}},"218":{"start":{"line":502,"column":6},"end":{"line":502,"column":56}},"219":{"start":{"line":504,"column":6},"end":{"line":504,"column":69}},"220":{"start":{"line":507,"column":4},"end":{"line":509,"column":5}},"221":{"start":{"line":508,"column":6},"end":{"line":508,"column":18}},"222":{"start":{"line":511,"column":4},"end":{"line":511,"column":64}},"223":{"start":{"line":512,"column":4},"end":{"line":512,"column":29}},"224":{"start":{"line":513,"column":4},"end":{"line":513,"column":40}},"225":{"start":{"line":516,"column":2},"end":{"line":531,"column":3}},"226":{"start":{"line":517,"column":4},"end":{"line":517,"column":46}},"227":{"start":{"line":519,"column":4},"end":{"line":526,"column":5}},"228":{"start":{"line":520,"column":6},"end":{"line":522,"column":7}},"229":{"start":{"line":521,"column":8},"end":{"line":521,"column":86}},"230":{"start":{"line":523,"column":6},"end":{"line":525,"column":7}},"231":{"start":{"line":524,"column":8},"end":{"line":524,"column":20}},"232":{"start":{"line":528,"column":4},"end":{"line":528,"column":64}},"233":{"start":{"line":529,"column":4},"end":{"line":529,"column":41}},"234":{"start":{"line":530,"column":4},"end":{"line":530,"column":40}},"235":{"start":{"line":533,"column":2},"end":{"line":537,"column":3}},"236":{"start":{"line":534,"column":4},"end":{"line":534,"column":60}},"237":{"start":{"line":535,"column":4},"end":{"line":535,"column":36}},"238":{"start":{"line":536,"column":4},"end":{"line":536,"column":99}},"239":{"start":{"line":539,"column":2},"end":{"line":546,"column":3}},"240":{"start":{"line":541,"column":4},"end":{"line":543,"column":5}},"241":{"start":{"line":542,"column":6},"end":{"line":542,"column":25}},"242":{"start":{"line":545,"column":4},"end":{"line":545,"column":43}},"243":{"start":{"line":548,"column":2},"end":{"line":553,"column":3}},"244":{"start":{"line":549,"column":4},"end":{"line":549,"column":60}},"245":{"start":{"line":550,"column":4},"end":{"line":550,"column":43}},"246":{"start":{"line":552,"column":4},"end":{"line":552,"column":97}},"247":{"start":{"line":555,"column":2},"end":{"line":558,"column":3}},"248":{"start":{"line":556,"column":4},"end":{"line":556,"column":38}},"249":{"start":{"line":557,"column":4},"end":{"line":557,"column":54}},"250":{"start":{"line":560,"column":2},"end":{"line":578,"column":3}},"251":{"start":{"line":561,"column":4},"end":{"line":561,"column":51}},"252":{"start":{"line":563,"column":4},"end":{"line":575,"column":5}},"253":{"start":{"line":564,"column":6},"end":{"line":568,"column":7}},"254":{"start":{"line":565,"column":8},"end":{"line":567,"column":9}},"255":{"start":{"line":566,"column":10},"end":{"line":566,"column":49}},"256":{"start":{"line":570,"column":6},"end":{"line":574,"column":7}},"257":{"start":{"line":571,"column":8},"end":{"line":573,"column":9}},"258":{"start":{"line":572,"column":10},"end":{"line":572,"column":34}},"259":{"start":{"line":577,"column":4},"end":{"line":577,"column":18}},"260":{"start":{"line":581,"column":2},"end":{"line":583,"column":3}},"261":{"start":{"line":582,"column":4},"end":{"line":582,"column":14}},"262":{"start":{"line":586,"column":2},"end":{"line":600,"column":3}},"263":{"start":{"line":587,"column":4},"end":{"line":597,"column":5}},"264":{"start":{"line":588,"column":6},"end":{"line":588,"column":41}},"265":{"start":{"line":589,"column":6},"end":{"line":589,"column":51}},"266":{"start":{"line":590,"column":6},"end":{"line":590,"column":45}},"267":{"start":{"line":591,"column":6},"end":{"line":591,"column":55}},"268":{"start":{"line":592,"column":6},"end":{"line":592,"column":43}},"269":{"start":{"line":593,"column":6},"end":{"line":593,"column":47}},"270":{"start":{"line":594,"column":6},"end":{"line":594,"column":43}},"271":{"start":{"lin
[...]
this method can also be called by passing multiple strings as separate arguments.","   */","  function without(remove) {","    // Calling .without() with no arguments is a no-op. Don't bother cloning.","    if (typeof remove === \"undefined\" && arguments.length === 0) {","      return this;","    }","","    if (typeof remove !== \"function\") {","      // If we weren't given an array, use the arguments list.","      var keysToRemoveArray = (Array.isArray(remove)) ?","         remove.slice() : Array.prototype.slice.call(arguments);","","      // Convert numeric keys to strings since that's how they'll","      // come from the enumeration of the object.","      keysToRemoveArray.forEach(function(el, idx, arr) {","        if(typeof(el) === \"number\") {","          arr[idx] = el.toString();","        }","      });","","      remove = function(val, key) {","        return keysToRemoveArray.indexOf(key) !== -1;","      };","    }","","    var result = instantiateEmptyObject(this);","","    for (var key in this) {","      if (this.hasOwnProperty(key) && remove(this[key], key) === false) {","        result[key] = this[key];","      }","    }","","    return makeImmutableObject(result);","  }","","  function asMutableArray(opts) {","    var result = [], i, length;","","    if(opts && opts.deep) {","      for(i = 0, length = this.length; i < length; i++) {","        result.push(asDeepMutable(this[i]));","      }","    } else {","      for(i = 0, length = this.length; i < length; i++) {","        result.push(this[i]);","      }","    }","","    return result;","  }","","  /**","   * Effectively performs a [map](https://developer.mozilla.org/en-US/docs/Web/JavaScript/Reference/Global_Objects/Array/map) over the elements in the array, expecting that the iterator function","   * will return an array of two elements - the first representing a key, the other","   * a value. Then returns an Immutable Object constructed of those keys and values.","   *","   * @param {function} iterator - A function which should return an array of two elements - the first representing the desired key, the other the desired value.","   */","  function asObject(iterator) {","    // If no iterator was provided, assume the identity function","    // (suggesting this array is already a list of key/value pairs.)","    if (typeof iterator !== \"function\") {","      iterator = function(value) { return value; };","    }","","    var result = {},","        length = this.length,","        index;","","    for (index = 0; index < length; index++) {","      var pair  = iterator(this[index], index, this),","          key   = pair[0],","          value = pair[1];","","      result[key] = value;","    }","","    return makeImmutableObject(result);","  }","","  function asDeepMutable(obj) {","    if (","      (!obj) ||","      (typeof obj !== 'object') ||","      (!Object.getOwnPropertyDescriptor(obj, immutabilityTag)) ||","      (obj instanceof Date)","    ) { return obj; }","    return Immutable.asMutable(obj, {deep: true});","  }","","  function quickCopy(src, dest) {","    for (var key in src) {","      if (Object.getOwnPropertyDescriptor(src, key)) {","        dest[key] = src[key];","      }","    }","","    return dest;","  }","","  /**","   * Returns an Immutable Object containing the properties and values of both","   * this object and the provided object, prioritizing the provided object's","   * values whenever the same key is present in both objects.","   *","   * @param {object} other - The other object to merge. Multiple objects can be passed as an array. In such a case, the later an object appears in that list, the higher its priority.","   * @param {object} config - Optional config object that contains settings. Supported settings are: {deep: true} for deep merge and {merger: mergerFunc} where mergerFunc is a function","   *                          that takes a property from both objects. If anything is returned it overrides the normal merge behaviour.","   */","  function merge(other, config) {","    // Calling .merge() with no arguments is a no-op. Don't bother cloning.","    if (arguments.length === 0) {","      return this;","    }","","    if (other === null || (typeof other !== \"object\")) {","      throw new TypeError(\"Immutable#merge can only be invoked with objects or arrays, not \" + JSON.stringify(other));","    }","","    var receivedArray = (Array.isArray(other)),","        deep          = config && config.deep,","        mode          = config && config.mode || 'merge',","        merger        = config && config.merger,","        result;","","    // Use the given key to extract a value from the given object, then place","    // that value in the result object under the same key. If that resulted","    // in a change from this object's value at that key, set anyChanges = true.","    function addToResult(currentObj, otherObj, key) {","      var immutableValue = Immutable(otherObj[key]);","      var mergerResult = merger && merger(currentObj[key], immutableValue, config);","      var currentValue = currentObj[key];","","      if ((result !== undefined) ||","        (mergerResult !== undefined) ||","        (!currentObj.hasOwnProperty(key)) ||","        !isEqual(immutableValue, currentValue)) {","","        var newValue;","","        if (mergerResult) {","          newValue = mergerResult;","        } else if (deep && isMergableObject(currentValue) && isMergableObject(immutableValue)) {","          newValue = Immutable.merge(currentValue, immutableValue, config);","        } else {","          newValue = immutableValue;","        }","","        if (!isEqual(currentValue, newValue) || !currentObj.hasOwnProperty(key)) {","          if (result === undefined) {","            // Make a shallow clone of the current object.","            result = quickCopy(currentObj, instantiateEmptyObject(currentObj));","          }","","          result[key] = newValue;","        }","      }","    }","","    function clearDroppedKeys(currentObj, otherObj) {","      for (var key in currentObj) {","        if (!otherObj.hasOwnProperty(key)) {","          if (result === undefined) {","            // Make a shallow clone of the current object.","            result = quickCopy(currentObj, instantiateEmptyObject(currentObj));","          }","          delete result[key];","        }","      }","    }","","    var key;","","    // Achieve prioritization by overriding previous values that get in the way.","    if (!receivedArray) {","      // The most common use case: just merge one object into the existing one.","      for (key in other) {","        if (Object.getOwnPropertyDescriptor(other, key)) {","          addToResult(this, other, key);","        }","      }","      if (mode === 'replace') {","        clearDroppedKeys(this, other);","      }","    } else {","      // We also accept an Array","      for (var index = 0, length = other.length; index < length; index++) {","        var otherFromArray = other[index];","","        for (key in otherFromArray) {","          if (otherFromArray.hasOwnProperty(key)) {","            addToResult(result !== undefined ? result : this, otherFromArray, key);","          }","        }","      }","    }","","    if (result === undefined) {","      return this;","    } else {","      return makeImmutableObject(result);","    }","  }","","  function objectReplace(value, config) {","    var deep          = config && config.deep;","","    // Calling .replace() with no arguments is a no-op. Don't bother cloning.","    if (arguments.length === 0) {","      return this;","    }","","    if (value === null || typeof value !== \"object\") {","      throw new TypeError(\"Immutable#replace can only be invoked with objects or arrays, not \" + JSON.stringify(value));","    }","","    return Immutable.merge(this, value, {deep: deep, mode: 'replace'});","  }","","  var immutableEmptyObject = Immutable({});","","  function objectSetIn(path, value, config) {","    if (!(path instanceof Array) || path.length === 0) {","      throw new TypeError(\"The first argument to Immutable#setIn must be an array containing at least one \\\"key\\\" string.\");","    }","","    var head = path[0];","    if (path.length === 1) {","      return objectSet.call(this, head, value, config);","    }","","    var tail = path.slice(1);","    var newValue;","    var thisHead = this[head];","","    if (this.hasOwnProperty(head) && typeof(thisHead) === \"object\" && thisHead !== null) {","      // Might (validly) be object or array","      newValue = Immutable.setIn(thisHead, tail, value);","    } else {","      newValue = objectSetIn.call(immutableEmptyObject, tail, value);","    }","","    if (this.hasOwnProperty(head) && thisHead === newValue) {","      return this;","    }","","    var mutable = quickCopy(this, instantiateEmptyObject(this));","    mutable[head] = newValue;","    return makeImmutableObject(mutable);","  }","","  function objectSet(property, value, config) {","    var deep          = config && config.deep;","","    if (this.hasOwnProperty(property)) {","      if (deep && this[property] !== value && isMergableObject(value) && isMergableObject(this[property])) {","        value = Immutable.merge(this[property], value, {deep: true, mode: 'replace'});","      }","      if (isEqual(this[property], value)) {","        return this;","      }","    }","","    var mutable = quickCopy(this, instantiateEmptyObject(this));","    mutable[property] = Immutable(value);","    return makeImmutableObject(mutable);","  }","","  function update(property, updater) {","    var restArgs = Array.prototype.slice.call(arguments, 2);","    var initialVal = this[property];","    return Immutable.set(this, property, updater.apply(initialVal, [initialVal].concat(restArgs)));","  }","","  function getInPath(obj, path) {","    /*jshint eqnull:true */","    for (var i = 0, l = path.length; obj != null && i < l; i++) {","      obj = obj[path[i]];","    }","","    return (i && i == l) ? obj : undefined;","  }","","  function updateIn(path, updater) {","    var restArgs = Array.prototype.slice.call(arguments, 2);","    var initialVal = getInPath(this, path);","","    return Immutable.setIn(this, path, updater.apply(initialVal, [initialVal].concat(restArgs)));","  }","","  function getIn(path, defaultValue) {","    var value = getInPath(this, path);","    return value === undefined ? defaultValue : value;","  }","","  function asMutableObject(opts) {","    var result = instantiateEmptyObject(this), key;","","    if(opts && opts.deep) {","      for (key in this) {","        if (this.hasOwnProperty(key)) {","          result[key] = asDeepMutable(this[key]);","        }","      }","    } else {","      for (key in this) {","        if (this.hasOwnProperty(key)) {","          result[key] = this[key];","        }","      }","    }","","    return result;","  }","","  // Creates plain object to be used for cloning","  function instantiatePlainObject() {","    return {};","  }","","  // Finalizes an object with immutable methods, freezes it, and returns it.","  function makeImmutableObject(obj) {","    if (!globalConfig.use_static) {","      addPropertyTo(obj, \"merge\", merge);","      addPropertyTo(obj, \"replace\", objectReplace);","      addPropertyTo(obj, \"without\", without);","      addPropertyTo(obj, \"asMutable\", asMutableObject);","      addPropertyTo(obj, \"set\", objectSet);","      addPropertyTo(obj, \"setIn\", objectSetIn);","      addPropertyTo(obj, \"update\", update);","      addPropertyTo(obj, \"updateIn\", updateIn);","      addPropertyTo(obj, \"getIn\", getIn);","    }","","    return makeImmutable(obj, mutatingObjectMethods);","  }","","  // Returns true if object is a valid react element","  // https://github.com/facebook/react/blob/v15.0.1/src/isomorphic/classic/element/ReactElement.js#L326","  function isReactElement(obj) {","    return typeof obj === 'object' &&","           obj !== null &&","           (obj.$$typeof === REACT_ELEMENT_TYPE_FALLBACK || obj.$$typeof === REACT_ELEMENT_TYPE);","  }","","  function isFileObject(obj) {","    return typeof File !== 'undefined' &&","           obj instanceof File;","  }","","  function isPromise(obj) {","    return typeof obj === 'object' &&","           typeof obj.then === 'function';","  }","","  function isError(obj) {","    return obj instanceof Error;","  }","","  function Immutable(obj, options, stackRemaining) {","    if (isImmutable(obj) || isReactElement(obj) || isFileObject(obj) || isError(obj)) {","      return obj;","    } else if (isPromise(obj)) {","      return obj.then(Immutable);","    } else if (Array.isArray(obj)) {","      return makeImmutableArray(obj.slice());","    } else if (obj instanceof Date) {","      return makeImmutableDate(new Date(obj.getTime()));","    } else {","      // Don't freeze the object we were given; make a clone and use that.","      var prototype = options && options.prototype;","      var instantiateEmptyObject =","        (!prototype || prototype === Object.prototype) ?","          instantiatePlainObject : (function() { return Object.create(prototype); });","      var clone = instantiateEmptyObject();","","      if (\"development\" !== \"production\") {","        /*jshint eqnull:true */","        if (stackRemaining == null) {","          stackRemaining = 64;","        }","        if (stackRemaining <= 0) {","          throw new ImmutableError(\"Attempt to construct Immutable from a deeply nested object was detected.\" +","            \" Have you tried to wrap an object with circular references (e.g. React element)?\" +","            \" See https://github.com/rtfeldman/seamless-immutable/wiki/Deeply-nested-object-was-detected for details.\");","        }","        stackRemaining -= 1;","      }","","      for (var key in obj) {","        if (Object.getOwnPropertyDescriptor(obj, key)) {","          clone[key] = Immutable(obj[key], undefined, stackRemaining);","        }","      }","","      return makeImmutableObject(clone);","    }","  }","","  // Wrapper to allow the use of object methods as static methods of Immutable.","  function toStatic(fn) {","    function staticWrapper() {","      var args = [].slice.call(arguments);","      var self = args.shift();","      return fn.apply(self, args);","    }","","    return staticWrapper;","  }","","  // Wrapper to allow the use of object methods as static methods of Immutable.","  // with the additional condition of choosing which function to call depending","  // if argument is an array or an object.","  function toStaticObjectOrArray(fnObject, fnArray) {","    function staticWrapper() {","      var args = [].slice.call(arguments);","      var self = args.shift();","      if (Array.isArray(self)) {","          return fnArray.apply(self, args);","      } else {","          return fnObject.apply(self, args);","      }","    }","","    return staticWrapper;","  }","","  // Wrapper to allow the use of object methods as static methods of Immutable.","  // with the additional condition of choosing which function to call depending","  // if argument is an array or an object or a date.","  function toStaticObjectOrDateOrArray(fnObject, fnArray, fnDate) {","    function staticWrapper() {","      var args = [].slice.call(arguments);","      var self = args.shift();","      if (Array.isArray(self)) {","          return fnArray.apply(self, args);","      } else if (self instanceof Date) {","          return fnDate.apply(self, args);","      } else {","          return fnObject.apply(self, args);","      }","    }","","    return staticWrapper;","  }","","  // Export the library","  Immutable.from           = Immutable;","  Immutable.isImmutable    = isImmutable;","  Immutable.ImmutableError = ImmutableError;","  Immutable.merge          = toStatic(merge);","  Immutable.replace        = toStatic(objectReplace);","  Immutable.without        = toStatic(without);","  Immutable.asMutable      = toStaticObjectOrDateOrArray(asMutableObject, asMutableArray, asMutableDate);","  Immutable.set            = toStaticObjectOrArray(objectSet, arraySet);","  Immutable.setIn          = toStaticObjectOrArray(objectSetIn, arraySetIn);","  Immutable.update         = toStatic(update);","  Immutable.updateIn       = toStatic(updateIn);","  Immutable.getIn          = toStatic(getIn);","  Immutable.flatMap        = toStatic(flatMap);","  Immutable.asObject       = toStatic(asObject);","  if (!globalConfig.use_static) {","      Immutable.static = immutableInit({","          use_static: true","      });","  }","","  Object.freeze(Immutable);","","  return Immutable;","}","","  var Immutable = immutableInit();","  /* istanbul ignore if */","  if (typeof define === 'function' && define.amd) {","    define(function() {","      return Immutable;","    });","  } else if (typeof module === \"object\") {","    module.exports = Immutable;","  } else if (typeof exports === \"object\") {","    exports.Immutable = Immutable;","  } else if (typeof window === \"object\") {","    window.Immutable = Immutable;","  } else if (typeof global === \"object\") {","    global.Immutable = Immutable;","  }","})();",""],"l":{"1":1,"4":1,"7":2,"8":2,"10":2,"13":2,"14":1,"15":1,"19":1,"20":2,"27":1,"28":0,"29":0,"30":0,"32":0,"36":1,"37":53,"45":1,"46":18,"47":0,"52":2,"54":1,"55":4,"58":1,"59":4,"60":4,"66":0,"70":1,"72":0,"75":1,"76":0,"79":2,"83":2,"87":2,"91":2,"95":2,"101":1,"102":0,"103":0,"104":0,"106":2,"107":2,"109":1,"111":4,"113":4,"115":4,"116":18,"117":18,"122":4,"125":4,"128":1,"129":14,"131":14,"132":0,"136":1,"137":0,"139":0,"140":0,"141":0,"143":0,"144":0,"148":0,"149":0,"150":0,"153":2,"155":1,"156":0,"158":0,"159":0,"161":0,"162":0,"163":0,"165":0,"167":0,"169":0,"171":0,"172":0,"174":0,"178":0,"179":0,"182":0,"183":0,"184":0,"188":1,"191":2,"192":14,"193":14,"194":14,"198":2,"199":1,"200":1,"201":1,"202":1,"203":1,"204":1,"205":1,"206":1,"209":2,"210":0,"213":2,"216":1,"217":0,"218":0,"221":0,"224":1,"225":0,"235":1,"237":0,"238":0,"241":0,"245":0,"246":0,"248":0,"250":0,"253":0,"257":0,"265":1,"267":0,"268":0,"271":0,"273":0,"278":0,"279":0,"280":0,"284":0,"285":0,"289":0,"291":0,"292":0,"293":0,"297":0,"300":1,"301":0,"303":0,"304":0,"305":0,"308":0,"309":0,"313":0,"323":1,"326":0,"327":0,"330":0,"334":0,"335":0,"339":0,"342":0,"345":1,"346":0,"351":0,"352":0,"355":1,"356":0,"357":0,"358":0,"362":0,"374":1,"376":0,"377":0,"380":0,"381":0,"384":0,"393":1,"394":0,"395":0,"396":0,"398":0,"403":0,"405":0,"406":0,"407":0,"408":0,"410":0,"413":0,"414":0,"416":0,"419":0,"424":1,"425":0,"426":0,"427":0,"429":0,"431":0,"436":0,"439":0,"441":0,"442":0,"443":0,"446":0,"447":0,"451":0,"452":0,"454":0,"455":0,"456":0,"462":0,"463":0,"465":0,"469":1,"470":0,"473":0,"474":0,"477":0,"478":0,"481":0,"484":2,"486":1,"487":0,"488":0,"491":0,"492":0,"493":0,"496":0,"497":0,"498":0,"500":0,"502":0,"504":0,"507":0,"508":0,"511":0,"512":0,"513":0,"516":1,"517":0,"519":0,"520":0,"521":0,"523":0,"524":0,"528":0,"529":0,"530":0,"533":1,"534":0,"535":0,"536":0,"539":1,"541":0,"542":0,"545":0,"548":1,"549":0,"550":0,"552":0,"555":1,"556":0,"557":0,"560":1,"561":0,"563":0,"564":0,"565":0,"566":0,"570":0,"571":0,"572":0,"577":0,"581":1,"582":2,"586":1,"587":2,"588":1,"589":1,"590":1,"591":1,"592":1,"593":1,"594":1,"595":1,"596":1,"599":2,"604":1,"605":4,"610":1,"611":4,"615":1,"616":4,"620":1,"621":4,"624":1,"625":4,"626":0,"627":4,"628":0,"629":4,"630":2,"631":2,"632":0,"635":2,"636":2,"638":0,"639":2,"641":2,"643":2,"644":2,"646":2,"647":0,"651":2,"654":2,"655":0,"656":0,"660":2,"665":1,"666":1,"667":0,"668":0,"669":0,"672":16,"678":1,"679":1,"680":0,"681":0,"682":0,"683":0,"685":0,"689":4,"695":1,"696":1,"697":0,"698":0,"699":0,"700":0,"701":0,"702":0,"704":0,"708":2,"712":2,"713":2,"714":2,"715":2,"716":2,"717":2,"718":2,"719":2,"720":2,"721":2,"722":2,"723":2,"724":2,"725":2,"726":2,"727":1,"732":2,"734":2,"737":1,"739":1,"740":1,"741":1,"743":1,"744":1,"745":0,"746":0,"747":0,"748":0,"749":0,"750":0}}}